{"total": {"lines":{"total":25364,"covered":3840,"skipped":0,"pct":15.13},"statements":{"total":25364,"covered":3840,"skipped":0,"pct":15.13},"functions":{"total":554,"covered":122,"skipped":0,"pct":22.02},"branches":{"total":714,"covered":372,"skipped":0,"pct":52.1},"branchesTrue":{"total":0,"covered":0,"skipped":0,"pct":100}}
,"/Users/brianboy/Repositories/personal/eleno/app/src/Application.tsx": {"lines":{"total":64,"covered":0,"skipped":0,"pct":0},"functions":{"total":1,"covered":0,"skipped":0,"pct":0},"statements":{"total":64,"covered":0,"skipped":0,"pct":0},"branches":{"total":1,"covered":0,"skipped":0,"pct":0}}
,"/Users/brianboy/Repositories/personal/eleno/app/src/config.ts": {"lines":{"total":38,"covered":38,"skipped":0,"pct":100},"functions":{"total":0,"covered":0,"skipped":0,"pct":100},"statements":{"total":38,"covered":38,"skipped":0,"pct":100},"branches":{"total":0,"covered":0,"skipped":0,"pct":100}}
,"/Users/brianboy/Repositories/personal/eleno/app/src/components/features/dashboard/FooterDashboard.component.tsx": {"lines":{"total":27,"covered":0,"skipped":0,"pct":0},"functions":{"total":1,"covered":0,"skipped":0,"pct":0},"statements":{"total":27,"covered":0,"skipped":0,"pct":0},"branches":{"total":1,"covered":0,"skipped":0,"pct":0}}
,"/Users/brianboy/Repositories/personal/eleno/app/src/components/features/dashboard/HeaderDashboard.component.tsx": {"lines":{"total":27,"covered":0,"skipped":0,"pct":0},"functions":{"total":1,"covered":0,"skipped":0,"pct":0},"statements":{"total":27,"covered":0,"skipped":0,"pct":0},"branches":{"total":1,"covered":0,"skipped":0,"pct":0}}
,"/Users/brianboy/Repositories/personal/eleno/app/src/components/features/dashboard/news/News.component.tsx": {"lines":{"total":29,"covered":0,"skipped":0,"pct":0},"functions":{"total":1,"covered":0,"skipped":0,"pct":0},"statements":{"total":29,"covered":0,"skipped":0,"pct":0},"branches":{"total":1,"covered":0,"skipped":0,"pct":0}}
,"/Users/brianboy/Repositories/personal/eleno/app/src/components/features/dashboard/news/NewsItem.component.tsx": {"lines":{"total":17,"covered":0,"skipped":0,"pct":0},"functions":{"total":1,"covered":0,"skipped":0,"pct":0},"statements":{"total":17,"covered":0,"skipped":0,"pct":0},"branches":{"total":1,"covered":0,"skipped":0,"pct":0}}
,"/Users/brianboy/Repositories/personal/eleno/app/src/components/features/dashboard/news/news.ts": {"lines":{"total":38,"covered":0,"skipped":0,"pct":0},"functions":{"total":1,"covered":1,"skipped":0,"pct":100},"statements":{"total":38,"covered":0,"skipped":0,"pct":0},"branches":{"total":1,"covered":1,"skipped":0,"pct":100}}
,"/Users/brianboy/Repositories/personal/eleno/app/src/components/features/dashboard/overview/Overview.component.tsx": {"lines":{"total":65,"covered":0,"skipped":0,"pct":0},"functions":{"total":1,"covered":0,"skipped":0,"pct":0},"statements":{"total":65,"covered":0,"skipped":0,"pct":0},"branches":{"total":1,"covered":0,"skipped":0,"pct":0}}
,"/Users/brianboy/Repositories/personal/eleno/app/src/components/features/dashboard/overview/OverviewCard.component.tsx": {"lines":{"total":10,"covered":0,"skipped":0,"pct":0},"functions":{"total":1,"covered":0,"skipped":0,"pct":0},"statements":{"total":10,"covered":0,"skipped":0,"pct":0},"branches":{"total":1,"covered":0,"skipped":0,"pct":0}}
,"/Users/brianboy/Repositories/personal/eleno/app/src/components/features/dashboard/quickLinks/QuickLinkItem.component.tsx": {"lines":{"total":28,"covered":0,"skipped":0,"pct":0},"functions":{"total":1,"covered":1,"skipped":0,"pct":100},"statements":{"total":28,"covered":0,"skipped":0,"pct":0},"branches":{"total":1,"covered":1,"skipped":0,"pct":100}}
,"/Users/brianboy/Repositories/personal/eleno/app/src/components/features/dashboard/quickLinks/QuickLinks.component.tsx": {"lines":{"total":47,"covered":0,"skipped":0,"pct":0},"functions":{"total":1,"covered":0,"skipped":0,"pct":0},"statements":{"total":47,"covered":0,"skipped":0,"pct":0},"branches":{"total":1,"covered":0,"skipped":0,"pct":0}}
,"/Users/brianboy/Repositories/personal/eleno/app/src/components/features/flags/featureFlagsQuery.ts": {"lines":{"total":13,"covered":13,"skipped":0,"pct":100},"functions":{"total":2,"covered":1,"skipped":0,"pct":50},"statements":{"total":13,"covered":13,"skipped":0,"pct":100},"branches":{"total":1,"covered":1,"skipped":0,"pct":100}}
,"/Users/brianboy/Repositories/personal/eleno/app/src/components/features/groups/CreateGroup.component.tsx": {"lines":{"total":334,"covered":66,"skipped":0,"pct":19.76},"functions":{"total":1,"covered":0,"skipped":0,"pct":0},"statements":{"total":334,"covered":66,"skipped":0,"pct":19.76},"branches":{"total":0,"covered":0,"skipped":0,"pct":100}}
,"/Users/brianboy/Repositories/personal/eleno/app/src/components/features/groups/CreateGroupDialogDrawer.component.tsx": {"lines":{"total":27,"covered":27,"skipped":0,"pct":100},"functions":{"total":2,"covered":1,"skipped":0,"pct":50},"statements":{"total":27,"covered":27,"skipped":0,"pct":100},"branches":{"total":1,"covered":1,"skipped":0,"pct":100}}
,"/Users/brianboy/Repositories/personal/eleno/app/src/components/features/groups/ExportGroupList.component.tsx": {"lines":{"total":103,"covered":0,"skipped":0,"pct":0},"functions":{"total":1,"covered":0,"skipped":0,"pct":0},"statements":{"total":103,"covered":0,"skipped":0,"pct":0},"branches":{"total":1,"covered":0,"skipped":0,"pct":0}}
,"/Users/brianboy/Repositories/personal/eleno/app/src/components/features/groups/ExportGroupListSkeleton.component.tsx": {"lines":{"total":18,"covered":0,"skipped":0,"pct":0},"functions":{"total":1,"covered":0,"skipped":0,"pct":0},"statements":{"total":18,"covered":0,"skipped":0,"pct":0},"branches":{"total":1,"covered":0,"skipped":0,"pct":0}}
,"/Users/brianboy/Repositories/personal/eleno/app/src/components/features/groups/Groups.component.tsx": {"lines":{"total":16,"covered":0,"skipped":0,"pct":0},"functions":{"total":1,"covered":0,"skipped":0,"pct":0},"statements":{"total":16,"covered":0,"skipped":0,"pct":0},"branches":{"total":1,"covered":0,"skipped":0,"pct":0}}
,"/Users/brianboy/Repositories/personal/eleno/app/src/components/features/groups/ResetGroups.component.tsx": {"lines":{"total":36,"covered":0,"skipped":0,"pct":0},"functions":{"total":1,"covered":0,"skipped":0,"pct":0},"statements":{"total":36,"covered":0,"skipped":0,"pct":0},"branches":{"total":1,"covered":0,"skipped":0,"pct":0}}
,"/Users/brianboy/Repositories/personal/eleno/app/src/components/features/groups/UpdateGroup.component.tsx": {"lines":{"total":280,"covered":0,"skipped":0,"pct":0},"functions":{"total":1,"covered":0,"skipped":0,"pct":0},"statements":{"total":280,"covered":0,"skipped":0,"pct":0},"branches":{"total":1,"covered":0,"skipped":0,"pct":0}}
,"/Users/brianboy/Repositories/personal/eleno/app/src/components/features/groups/UpdateGroupDialogDrawer.component.tsx": {"lines":{"total":31,"covered":0,"skipped":0,"pct":0},"functions":{"total":1,"covered":0,"skipped":0,"pct":0},"statements":{"total":31,"covered":0,"skipped":0,"pct":0},"branches":{"total":1,"covered":0,"skipped":0,"pct":0}}
,"/Users/brianboy/Repositories/personal/eleno/app/src/components/features/groups/groupsQuery.ts": {"lines":{"total":13,"covered":13,"skipped":0,"pct":100},"functions":{"total":2,"covered":1,"skipped":0,"pct":50},"statements":{"total":13,"covered":13,"skipped":0,"pct":100},"branches":{"total":1,"covered":1,"skipped":0,"pct":100}}
,"/Users/brianboy/Repositories/personal/eleno/app/src/components/features/groups/useCreateGroup.ts": {"lines":{"total":24,"covered":4,"skipped":0,"pct":16.66},"functions":{"total":1,"covered":0,"skipped":0,"pct":0},"statements":{"total":24,"covered":4,"skipped":0,"pct":16.66},"branches":{"total":0,"covered":0,"skipped":0,"pct":100}}
,"/Users/brianboy/Repositories/personal/eleno/app/src/components/features/groups/useDeactivateGroups.ts": {"lines":{"total":38,"covered":0,"skipped":0,"pct":0},"functions":{"total":1,"covered":0,"skipped":0,"pct":0},"statements":{"total":38,"covered":0,"skipped":0,"pct":0},"branches":{"total":1,"covered":0,"skipped":0,"pct":0}}
,"/Users/brianboy/Repositories/personal/eleno/app/src/components/features/groups/useDeleteGroups.ts": {"lines":{"total":33,"covered":0,"skipped":0,"pct":0},"functions":{"total":1,"covered":0,"skipped":0,"pct":0},"statements":{"total":33,"covered":0,"skipped":0,"pct":0},"branches":{"total":1,"covered":0,"skipped":0,"pct":0}}
,"/Users/brianboy/Repositories/personal/eleno/app/src/components/features/groups/useReactivateGroups.ts": {"lines":{"total":35,"covered":0,"skipped":0,"pct":0},"functions":{"total":1,"covered":0,"skipped":0,"pct":0},"statements":{"total":35,"covered":0,"skipped":0,"pct":0},"branches":{"total":1,"covered":0,"skipped":0,"pct":0}}
,"/Users/brianboy/Repositories/personal/eleno/app/src/components/features/groups/useResetGroups.ts": {"lines":{"total":46,"covered":0,"skipped":0,"pct":0},"functions":{"total":1,"covered":0,"skipped":0,"pct":0},"statements":{"total":46,"covered":0,"skipped":0,"pct":0},"branches":{"total":1,"covered":0,"skipped":0,"pct":0}}
,"/Users/brianboy/Repositories/personal/eleno/app/src/components/features/groups/useUpdateGroup.ts": {"lines":{"total":35,"covered":0,"skipped":0,"pct":0},"functions":{"total":1,"covered":0,"skipped":0,"pct":0},"statements":{"total":35,"covered":0,"skipped":0,"pct":0},"branches":{"total":1,"covered":0,"skipped":0,"pct":0}}
,"/Users/brianboy/Repositories/personal/eleno/app/src/components/features/groups/groupsTable/GroupMobileDrawer.component.tsx": {"lines":{"total":111,"covered":0,"skipped":0,"pct":0},"functions":{"total":1,"covered":0,"skipped":0,"pct":0},"statements":{"total":111,"covered":0,"skipped":0,"pct":0},"branches":{"total":1,"covered":0,"skipped":0,"pct":0}}
,"/Users/brianboy/Repositories/personal/eleno/app/src/components/features/groups/groupsTable/actionDropdown.tsx": {"lines":{"total":86,"covered":0,"skipped":0,"pct":0},"functions":{"total":1,"covered":0,"skipped":0,"pct":0},"statements":{"total":86,"covered":0,"skipped":0,"pct":0},"branches":{"total":1,"covered":0,"skipped":0,"pct":0}}
,"/Users/brianboy/Repositories/personal/eleno/app/src/components/features/groups/groupsTable/columns.tsx": {"lines":{"total":164,"covered":0,"skipped":0,"pct":0},"functions":{"total":1,"covered":1,"skipped":0,"pct":100},"statements":{"total":164,"covered":0,"skipped":0,"pct":0},"branches":{"total":1,"covered":1,"skipped":0,"pct":100}}
,"/Users/brianboy/Repositories/personal/eleno/app/src/components/features/groups/groupsTable/columnsMobile.tsx": {"lines":{"total":13,"covered":0,"skipped":0,"pct":0},"functions":{"total":1,"covered":1,"skipped":0,"pct":100},"statements":{"total":13,"covered":0,"skipped":0,"pct":0},"branches":{"total":1,"covered":1,"skipped":0,"pct":100}}
,"/Users/brianboy/Repositories/personal/eleno/app/src/components/features/groups/groupsTable/control.tsx": {"lines":{"total":82,"covered":0,"skipped":0,"pct":0},"functions":{"total":1,"covered":0,"skipped":0,"pct":0},"statements":{"total":82,"covered":0,"skipped":0,"pct":0},"branches":{"total":1,"covered":0,"skipped":0,"pct":0}}
,"/Users/brianboy/Repositories/personal/eleno/app/src/components/features/groups/groupsTable/rowDropdown.tsx": {"lines":{"total":137,"covered":0,"skipped":0,"pct":0},"functions":{"total":1,"covered":0,"skipped":0,"pct":0},"statements":{"total":137,"covered":0,"skipped":0,"pct":0},"branches":{"total":1,"covered":0,"skipped":0,"pct":0}}
,"/Users/brianboy/Repositories/personal/eleno/app/src/components/features/groups/groupsTable/table.tsx": {"lines":{"total":88,"covered":0,"skipped":0,"pct":0},"functions":{"total":1,"covered":0,"skipped":0,"pct":0},"statements":{"total":88,"covered":0,"skipped":0,"pct":0},"branches":{"total":1,"covered":0,"skipped":0,"pct":0}}
,"/Users/brianboy/Repositories/personal/eleno/app/src/components/features/lessons/AttendanceStatusSelect.component.tsx": {"lines":{"total":159,"covered":111,"skipped":0,"pct":69.81},"functions":{"total":3,"covered":1,"skipped":0,"pct":33.33},"statements":{"total":159,"covered":111,"skipped":0,"pct":69.81},"branches":{"total":18,"covered":16,"skipped":0,"pct":88.88}}
,"/Users/brianboy/Repositories/personal/eleno/app/src/components/features/lessons/BulkExportLessons.component.tsx": {"lines":{"total":270,"covered":0,"skipped":0,"pct":0},"functions":{"total":1,"covered":0,"skipped":0,"pct":0},"statements":{"total":270,"covered":0,"skipped":0,"pct":0},"branches":{"total":1,"covered":0,"skipped":0,"pct":0}}
,"/Users/brianboy/Repositories/personal/eleno/app/src/components/features/lessons/CreateLesson.component.tsx": {"lines":{"total":32,"covered":0,"skipped":0,"pct":0},"functions":{"total":1,"covered":0,"skipped":0,"pct":0},"statements":{"total":32,"covered":0,"skipped":0,"pct":0},"branches":{"total":1,"covered":0,"skipped":0,"pct":0}}
,"/Users/brianboy/Repositories/personal/eleno/app/src/components/features/lessons/CreateLessonForm.component.tsx": {"lines":{"total":92,"covered":92,"skipped":0,"pct":100},"functions":{"total":2,"covered":2,"skipped":0,"pct":100},"statements":{"total":92,"covered":92,"skipped":0,"pct":100},"branches":{"total":10,"covered":9,"skipped":0,"pct":90}}
,"/Users/brianboy/Repositories/personal/eleno/app/src/components/features/lessons/DeleteLesson.component.tsx": {"lines":{"total":26,"covered":4,"skipped":0,"pct":15.38},"functions":{"total":1,"covered":0,"skipped":0,"pct":0},"statements":{"total":26,"covered":4,"skipped":0,"pct":15.38},"branches":{"total":0,"covered":0,"skipped":0,"pct":100}}
,"/Users/brianboy/Repositories/personal/eleno/app/src/components/features/lessons/ExportLessons.component.tsx": {"lines":{"total":244,"covered":0,"skipped":0,"pct":0},"functions":{"total":1,"covered":0,"skipped":0,"pct":0},"statements":{"total":244,"covered":0,"skipped":0,"pct":0},"branches":{"total":1,"covered":0,"skipped":0,"pct":0}}
,"/Users/brianboy/Repositories/personal/eleno/app/src/components/features/lessons/ExportLessonsSkeleton.component.tsx": {"lines":{"total":29,"covered":29,"skipped":0,"pct":100},"functions":{"total":1,"covered":1,"skipped":0,"pct":100},"statements":{"total":29,"covered":29,"skipped":0,"pct":100},"branches":{"total":1,"covered":1,"skipped":0,"pct":100}}
,"/Users/brianboy/Repositories/personal/eleno/app/src/components/features/lessons/LessonHeader.tsx": {"lines":{"total":87,"covered":0,"skipped":0,"pct":0},"functions":{"total":1,"covered":0,"skipped":0,"pct":0},"statements":{"total":87,"covered":0,"skipped":0,"pct":0},"branches":{"total":1,"covered":0,"skipped":0,"pct":0}}
,"/Users/brianboy/Repositories/personal/eleno/app/src/components/features/lessons/LessonItem.component.tsx": {"lines":{"total":78,"covered":66,"skipped":0,"pct":84.61},"functions":{"total":1,"covered":1,"skipped":0,"pct":100},"statements":{"total":78,"covered":66,"skipped":0,"pct":84.61},"branches":{"total":10,"covered":9,"skipped":0,"pct":90}}
,"/Users/brianboy/Repositories/personal/eleno/app/src/components/features/lessons/LessonItemMobile.component.tsx": {"lines":{"total":154,"covered":147,"skipped":0,"pct":95.45},"functions":{"total":9,"covered":1,"skipped":0,"pct":11.11},"statements":{"total":154,"covered":147,"skipped":0,"pct":95.45},"branches":{"total":2,"covered":1,"skipped":0,"pct":50}}
,"/Users/brianboy/Repositories/personal/eleno/app/src/components/features/lessons/LessonNav.component.tsx": {"lines":{"total":111,"covered":0,"skipped":0,"pct":0},"functions":{"total":1,"covered":0,"skipped":0,"pct":0},"statements":{"total":111,"covered":0,"skipped":0,"pct":0},"branches":{"total":1,"covered":0,"skipped":0,"pct":0}}
,"/Users/brianboy/Repositories/personal/eleno/app/src/components/features/lessons/NoStudents.component.tsx": {"lines":{"total":31,"covered":0,"skipped":0,"pct":0},"functions":{"total":1,"covered":0,"skipped":0,"pct":0},"statements":{"total":31,"covered":0,"skipped":0,"pct":0},"branches":{"total":1,"covered":0,"skipped":0,"pct":0}}
,"/Users/brianboy/Repositories/personal/eleno/app/src/components/features/lessons/PreviousLessonDropDown.component.tsx": {"lines":{"total":72,"covered":8,"skipped":0,"pct":11.11},"functions":{"total":1,"covered":0,"skipped":0,"pct":0},"statements":{"total":72,"covered":8,"skipped":0,"pct":11.11},"branches":{"total":0,"covered":0,"skipped":0,"pct":100}}
,"/Users/brianboy/Repositories/personal/eleno/app/src/components/features/lessons/PreviousLessons.component.tsx": {"lines":{"total":77,"covered":0,"skipped":0,"pct":0},"functions":{"total":1,"covered":0,"skipped":0,"pct":0},"statements":{"total":77,"covered":0,"skipped":0,"pct":0},"branches":{"total":1,"covered":0,"skipped":0,"pct":0}}
,"/Users/brianboy/Repositories/personal/eleno/app/src/components/features/lessons/StudentDropdownLesson.component.tsx": {"lines":{"total":107,"covered":0,"skipped":0,"pct":0},"functions":{"total":1,"covered":0,"skipped":0,"pct":0},"statements":{"total":107,"covered":0,"skipped":0,"pct":0},"branches":{"total":1,"covered":0,"skipped":0,"pct":0}}
,"/Users/brianboy/Repositories/personal/eleno/app/src/components/features/lessons/UpdateLesson.component.tsx": {"lines":{"total":102,"covered":93,"skipped":0,"pct":91.17},"functions":{"total":2,"covered":1,"skipped":0,"pct":50},"statements":{"total":102,"covered":93,"skipped":0,"pct":91.17},"branches":{"total":8,"covered":6,"skipped":0,"pct":75}}
,"/Users/brianboy/Repositories/personal/eleno/app/src/components/features/lessons/lessonsQueries.ts": {"lines":{"total":92,"covered":18,"skipped":0,"pct":19.56},"functions":{"total":7,"covered":1,"skipped":0,"pct":14.28},"statements":{"total":92,"covered":18,"skipped":0,"pct":19.56},"branches":{"total":1,"covered":1,"skipped":0,"pct":100}}
,"/Users/brianboy/Repositories/personal/eleno/app/src/components/features/lessons/useCreateLesson.ts": {"lines":{"total":56,"covered":14,"skipped":0,"pct":25},"functions":{"total":3,"covered":1,"skipped":0,"pct":33.33},"statements":{"total":56,"covered":14,"skipped":0,"pct":25},"branches":{"total":1,"covered":1,"skipped":0,"pct":100}}
,"/Users/brianboy/Repositories/personal/eleno/app/src/components/features/lessons/useCurrentHolder.ts": {"lines":{"total":30,"covered":23,"skipped":0,"pct":76.66},"functions":{"total":2,"covered":2,"skipped":0,"pct":100},"statements":{"total":30,"covered":23,"skipped":0,"pct":76.66},"branches":{"total":8,"covered":2,"skipped":0,"pct":25}}
,"/Users/brianboy/Repositories/personal/eleno/app/src/components/features/lessons/useDeleteLesson.ts": {"lines":{"total":70,"covered":6,"skipped":0,"pct":8.57},"functions":{"total":1,"covered":0,"skipped":0,"pct":0},"statements":{"total":70,"covered":6,"skipped":0,"pct":8.57},"branches":{"total":0,"covered":0,"skipped":0,"pct":100}}
,"/Users/brianboy/Repositories/personal/eleno/app/src/components/features/lessons/useReactivateHomeworkLink.ts": {"lines":{"total":82,"covered":5,"skipped":0,"pct":6.09},"functions":{"total":1,"covered":0,"skipped":0,"pct":0},"statements":{"total":82,"covered":5,"skipped":0,"pct":6.09},"branches":{"total":0,"covered":0,"skipped":0,"pct":100}}
,"/Users/brianboy/Repositories/personal/eleno/app/src/components/features/lessons/useUpdateLessonMutation.ts": {"lines":{"total":80,"covered":4,"skipped":0,"pct":5},"functions":{"total":1,"covered":0,"skipped":0,"pct":0},"statements":{"total":80,"covered":4,"skipped":0,"pct":5},"branches":{"total":0,"covered":0,"skipped":0,"pct":100}}
,"/Users/brianboy/Repositories/personal/eleno/app/src/components/features/lessons/all-lessons/AllLessons.component.tsx": {"lines":{"total":29,"covered":29,"skipped":0,"pct":100},"functions":{"total":1,"covered":1,"skipped":0,"pct":100},"statements":{"total":29,"covered":29,"skipped":0,"pct":100},"branches":{"total":18,"covered":17,"skipped":0,"pct":94.44}}
,"/Users/brianboy/Repositories/personal/eleno/app/src/components/features/lessons/all-lessons/allLessonsColumns.tsx": {"lines":{"total":174,"covered":158,"skipped":0,"pct":90.8},"functions":{"total":12,"covered":7,"skipped":0,"pct":58.33},"statements":{"total":174,"covered":158,"skipped":0,"pct":90.8},"branches":{"total":13,"covered":7,"skipped":0,"pct":53.84}}
,"/Users/brianboy/Repositories/personal/eleno/app/src/components/features/lessons/all-lessons/allLessonsColumnsMobile.tsx": {"lines":{"total":13,"covered":13,"skipped":0,"pct":100},"functions":{"total":2,"covered":2,"skipped":0,"pct":100},"statements":{"total":13,"covered":13,"skipped":0,"pct":100},"branches":{"total":2,"covered":2,"skipped":0,"pct":100}}
,"/Users/brianboy/Repositories/personal/eleno/app/src/components/features/lessons/all-lessons/allLessonsControl.component.tsx": {"lines":{"total":117,"covered":107,"skipped":0,"pct":91.45},"functions":{"total":7,"covered":2,"skipped":0,"pct":28.57},"statements":{"total":117,"covered":107,"skipped":0,"pct":91.45},"branches":{"total":16,"covered":16,"skipped":0,"pct":100}}
,"/Users/brianboy/Repositories/personal/eleno/app/src/components/features/lessons/all-lessons/allLessonsTable.tsx": {"lines":{"total":86,"covered":64,"skipped":0,"pct":74.41},"functions":{"total":2,"covered":1,"skipped":0,"pct":50},"statements":{"total":86,"covered":64,"skipped":0,"pct":74.41},"branches":{"total":7,"covered":5,"skipped":0,"pct":71.42}}
,"/Users/brianboy/Repositories/personal/eleno/app/src/components/features/lessons/homework/ButtonShareHomework.component.tsx": {"lines":{"total":102,"covered":12,"skipped":0,"pct":11.76},"functions":{"total":1,"covered":0,"skipped":0,"pct":0},"statements":{"total":102,"covered":12,"skipped":0,"pct":11.76},"branches":{"total":0,"covered":0,"skipped":0,"pct":100}}
,"/Users/brianboy/Repositories/personal/eleno/app/src/components/features/lessons/homework/HomeworkExpired.component.tsx": {"lines":{"total":26,"covered":4,"skipped":0,"pct":15.38},"functions":{"total":1,"covered":0,"skipped":0,"pct":0},"statements":{"total":26,"covered":4,"skipped":0,"pct":15.38},"branches":{"total":0,"covered":0,"skipped":0,"pct":100}}
,"/Users/brianboy/Repositories/personal/eleno/app/src/components/features/lessons/homework/ShareHomework.component.tsx": {"lines":{"total":208,"covered":203,"skipped":0,"pct":97.59},"functions":{"total":1,"covered":1,"skipped":0,"pct":100},"statements":{"total":208,"covered":203,"skipped":0,"pct":97.59},"branches":{"total":44,"covered":42,"skipped":0,"pct":95.45}}
,"/Users/brianboy/Repositories/personal/eleno/app/src/components/features/lessons/planning/ButtonPlannedLessonAvailable.component.tsx": {"lines":{"total":49,"covered":25,"skipped":0,"pct":51.02},"functions":{"total":2,"covered":1,"skipped":0,"pct":50},"statements":{"total":49,"covered":25,"skipped":0,"pct":51.02},"branches":{"total":8,"covered":1,"skipped":0,"pct":12.5}}
,"/Users/brianboy/Repositories/personal/eleno/app/src/components/features/lessons/planning/ButtonPlanningModal.component.tsx": {"lines":{"total":57,"covered":0,"skipped":0,"pct":0},"functions":{"total":1,"covered":0,"skipped":0,"pct":0},"statements":{"total":57,"covered":0,"skipped":0,"pct":0},"branches":{"total":1,"covered":0,"skipped":0,"pct":0}}
,"/Users/brianboy/Repositories/personal/eleno/app/src/components/features/lessons/planning/CreatePlannedLessonForm.component.tsx": {"lines":{"total":221,"covered":213,"skipped":0,"pct":96.38},"functions":{"total":7,"covered":7,"skipped":0,"pct":100},"statements":{"total":221,"covered":213,"skipped":0,"pct":96.38},"branches":{"total":58,"covered":47,"skipped":0,"pct":81.03}}
,"/Users/brianboy/Repositories/personal/eleno/app/src/components/features/lessons/planning/PlannedLessonDropdown.component.tsx": {"lines":{"total":54,"covered":0,"skipped":0,"pct":0},"functions":{"total":1,"covered":0,"skipped":0,"pct":0},"statements":{"total":54,"covered":0,"skipped":0,"pct":0},"branches":{"total":1,"covered":0,"skipped":0,"pct":0}}
,"/Users/brianboy/Repositories/personal/eleno/app/src/components/features/lessons/planning/PlannedLessonItem.component.tsx": {"lines":{"total":83,"covered":83,"skipped":0,"pct":100},"functions":{"total":2,"covered":2,"skipped":0,"pct":100},"statements":{"total":83,"covered":83,"skipped":0,"pct":100},"branches":{"total":14,"covered":14,"skipped":0,"pct":100}}
,"/Users/brianboy/Repositories/personal/eleno/app/src/components/features/lessons/toolbox/FloatingWindow.component.tsx": {"lines":{"total":108,"covered":0,"skipped":0,"pct":0},"functions":{"total":1,"covered":0,"skipped":0,"pct":0},"statements":{"total":108,"covered":0,"skipped":0,"pct":0},"branches":{"total":1,"covered":0,"skipped":0,"pct":0}}
,"/Users/brianboy/Repositories/personal/eleno/app/src/components/features/lessons/toolbox/Looper.component.tsx": {"lines":{"total":0,"covered":0,"skipped":0,"pct":0},"functions":{"total":1,"covered":1,"skipped":0,"pct":0},"statements":{"total":0,"covered":0,"skipped":0,"pct":0},"branches":{"total":1,"covered":1,"skipped":0,"pct":0}}
,"/Users/brianboy/Repositories/personal/eleno/app/src/components/features/lessons/toolbox/Metronome.component.tsx": {"lines":{"total":125,"covered":0,"skipped":0,"pct":0},"functions":{"total":1,"covered":0,"skipped":0,"pct":0},"statements":{"total":125,"covered":0,"skipped":0,"pct":0},"branches":{"total":1,"covered":0,"skipped":0,"pct":0}}
,"/Users/brianboy/Repositories/personal/eleno/app/src/components/features/lessons/toolbox/Toolbox.component.tsx": {"lines":{"total":90,"covered":0,"skipped":0,"pct":0},"functions":{"total":1,"covered":0,"skipped":0,"pct":0},"statements":{"total":90,"covered":0,"skipped":0,"pct":0},"branches":{"total":1,"covered":0,"skipped":0,"pct":0}}
,"/Users/brianboy/Repositories/personal/eleno/app/src/components/features/lessons/toolbox/Tuner.component.tsx": {"lines":{"total":248,"covered":0,"skipped":0,"pct":0},"functions":{"total":1,"covered":1,"skipped":0,"pct":100},"statements":{"total":248,"covered":0,"skipped":0,"pct":0},"branches":{"total":1,"covered":1,"skipped":0,"pct":100}}
,"/Users/brianboy/Repositories/personal/eleno/app/src/components/features/lessons/toolbox/metronomeWorker.ts": {"lines":{"total":85,"covered":0,"skipped":0,"pct":0},"functions":{"total":1,"covered":1,"skipped":0,"pct":100},"statements":{"total":85,"covered":0,"skipped":0,"pct":0},"branches":{"total":1,"covered":1,"skipped":0,"pct":100}}
,"/Users/brianboy/Repositories/personal/eleno/app/src/components/features/messages/MessageList.component.tsx": {"lines":{"total":79,"covered":0,"skipped":0,"pct":0},"functions":{"total":1,"covered":0,"skipped":0,"pct":0},"statements":{"total":79,"covered":0,"skipped":0,"pct":0},"branches":{"total":1,"covered":0,"skipped":0,"pct":0}}
,"/Users/brianboy/Repositories/personal/eleno/app/src/components/features/messages/MessageView.component.tsx": {"lines":{"total":125,"covered":0,"skipped":0,"pct":0},"functions":{"total":1,"covered":0,"skipped":0,"pct":0},"statements":{"total":125,"covered":0,"skipped":0,"pct":0},"branches":{"total":1,"covered":0,"skipped":0,"pct":0}}
,"/Users/brianboy/Repositories/personal/eleno/app/src/components/features/messages/Messages.component.tsx": {"lines":{"total":66,"covered":0,"skipped":0,"pct":0},"functions":{"total":1,"covered":0,"skipped":0,"pct":0},"statements":{"total":66,"covered":0,"skipped":0,"pct":0},"branches":{"total":1,"covered":0,"skipped":0,"pct":0}}
,"/Users/brianboy/Repositories/personal/eleno/app/src/components/features/messages/messagesQueries.ts": {"lines":{"total":16,"covered":0,"skipped":0,"pct":0},"functions":{"total":1,"covered":1,"skipped":0,"pct":100},"statements":{"total":16,"covered":0,"skipped":0,"pct":0},"branches":{"total":1,"covered":1,"skipped":0,"pct":100}}
,"/Users/brianboy/Repositories/personal/eleno/app/src/components/features/messages/useDeleteMessage.ts": {"lines":{"total":40,"covered":0,"skipped":0,"pct":0},"functions":{"total":1,"covered":0,"skipped":0,"pct":0},"statements":{"total":40,"covered":0,"skipped":0,"pct":0},"branches":{"total":1,"covered":0,"skipped":0,"pct":0}}
,"/Users/brianboy/Repositories/personal/eleno/app/src/components/features/messages/useReadMessage.ts": {"lines":{"total":35,"covered":0,"skipped":0,"pct":0},"functions":{"total":1,"covered":0,"skipped":0,"pct":0},"statements":{"total":35,"covered":0,"skipped":0,"pct":0},"branches":{"total":1,"covered":0,"skipped":0,"pct":0}}
,"/Users/brianboy/Repositories/personal/eleno/app/src/components/features/notes/CreateNote.component.tsx": {"lines":{"total":94,"covered":0,"skipped":0,"pct":0},"functions":{"total":1,"covered":0,"skipped":0,"pct":0},"statements":{"total":94,"covered":0,"skipped":0,"pct":0},"branches":{"total":1,"covered":0,"skipped":0,"pct":0}}
,"/Users/brianboy/Repositories/personal/eleno/app/src/components/features/notes/DeleteNote.component.tsx": {"lines":{"total":36,"covered":0,"skipped":0,"pct":0},"functions":{"total":1,"covered":0,"skipped":0,"pct":0},"statements":{"total":36,"covered":0,"skipped":0,"pct":0},"branches":{"total":1,"covered":0,"skipped":0,"pct":0}}
,"/Users/brianboy/Repositories/personal/eleno/app/src/components/features/notes/Note.component.tsx": {"lines":{"total":54,"covered":0,"skipped":0,"pct":0},"functions":{"total":1,"covered":0,"skipped":0,"pct":0},"statements":{"total":54,"covered":0,"skipped":0,"pct":0},"branches":{"total":1,"covered":0,"skipped":0,"pct":0}}
,"/Users/brianboy/Repositories/personal/eleno/app/src/components/features/notes/NoteColor.component.tsx": {"lines":{"total":60,"covered":0,"skipped":0,"pct":0},"functions":{"total":1,"covered":1,"skipped":0,"pct":100},"statements":{"total":60,"covered":0,"skipped":0,"pct":0},"branches":{"total":1,"covered":1,"skipped":0,"pct":100}}
,"/Users/brianboy/Repositories/personal/eleno/app/src/components/features/notes/NoteDropdown.component.tsx": {"lines":{"total":83,"covered":0,"skipped":0,"pct":0},"functions":{"total":1,"covered":0,"skipped":0,"pct":0},"statements":{"total":83,"covered":0,"skipped":0,"pct":0},"branches":{"total":1,"covered":0,"skipped":0,"pct":0}}
,"/Users/brianboy/Repositories/personal/eleno/app/src/components/features/notes/NoteList.component.tsx": {"lines":{"total":145,"covered":0,"skipped":0,"pct":0},"functions":{"total":1,"covered":0,"skipped":0,"pct":0},"statements":{"total":145,"covered":0,"skipped":0,"pct":0},"branches":{"total":1,"covered":0,"skipped":0,"pct":0}}
,"/Users/brianboy/Repositories/personal/eleno/app/src/components/features/notes/NoteMobile.component.tsx": {"lines":{"total":131,"covered":0,"skipped":0,"pct":0},"functions":{"total":1,"covered":0,"skipped":0,"pct":0},"statements":{"total":131,"covered":0,"skipped":0,"pct":0},"branches":{"total":1,"covered":0,"skipped":0,"pct":0}}
,"/Users/brianboy/Repositories/personal/eleno/app/src/components/features/notes/UpdateNote.component.tsx": {"lines":{"total":78,"covered":0,"skipped":0,"pct":0},"functions":{"total":1,"covered":0,"skipped":0,"pct":0},"statements":{"total":78,"covered":0,"skipped":0,"pct":0},"branches":{"total":1,"covered":0,"skipped":0,"pct":0}}
,"/Users/brianboy/Repositories/personal/eleno/app/src/components/features/notes/notesQueries.ts": {"lines":{"total":13,"covered":0,"skipped":0,"pct":0},"functions":{"total":1,"covered":0,"skipped":0,"pct":0},"statements":{"total":13,"covered":0,"skipped":0,"pct":0},"branches":{"total":1,"covered":0,"skipped":0,"pct":0}}
,"/Users/brianboy/Repositories/personal/eleno/app/src/components/features/notes/useCreateNote.ts": {"lines":{"total":30,"covered":0,"skipped":0,"pct":0},"functions":{"total":1,"covered":0,"skipped":0,"pct":0},"statements":{"total":30,"covered":0,"skipped":0,"pct":0},"branches":{"total":1,"covered":0,"skipped":0,"pct":0}}
,"/Users/brianboy/Repositories/personal/eleno/app/src/components/features/notes/useDeleteNote.ts": {"lines":{"total":34,"covered":0,"skipped":0,"pct":0},"functions":{"total":1,"covered":0,"skipped":0,"pct":0},"statements":{"total":34,"covered":0,"skipped":0,"pct":0},"branches":{"total":1,"covered":0,"skipped":0,"pct":0}}
,"/Users/brianboy/Repositories/personal/eleno/app/src/components/features/notes/useDuplicateNote.ts": {"lines":{"total":31,"covered":0,"skipped":0,"pct":0},"functions":{"total":1,"covered":0,"skipped":0,"pct":0},"statements":{"total":31,"covered":0,"skipped":0,"pct":0},"branches":{"total":1,"covered":0,"skipped":0,"pct":0}}
,"/Users/brianboy/Repositories/personal/eleno/app/src/components/features/notes/useUpdateNote.ts": {"lines":{"total":33,"covered":0,"skipped":0,"pct":0},"functions":{"total":1,"covered":0,"skipped":0,"pct":0},"statements":{"total":33,"covered":0,"skipped":0,"pct":0},"branches":{"total":1,"covered":0,"skipped":0,"pct":0}}
,"/Users/brianboy/Repositories/personal/eleno/app/src/components/features/notifications/NotificationManager.component.tsx": {"lines":{"total":345,"covered":0,"skipped":0,"pct":0},"functions":{"total":1,"covered":0,"skipped":0,"pct":0},"statements":{"total":345,"covered":0,"skipped":0,"pct":0},"branches":{"total":1,"covered":0,"skipped":0,"pct":0}}
,"/Users/brianboy/Repositories/personal/eleno/app/src/components/features/notifications/notificationQueries.ts": {"lines":{"total":80,"covered":0,"skipped":0,"pct":0},"functions":{"total":1,"covered":0,"skipped":0,"pct":0},"statements":{"total":80,"covered":0,"skipped":0,"pct":0},"branches":{"total":1,"covered":0,"skipped":0,"pct":0}}
,"/Users/brianboy/Repositories/personal/eleno/app/src/components/features/onboarding/FirstStepsWizzard.component.tsx": {"lines":{"total":94,"covered":0,"skipped":0,"pct":0},"functions":{"total":1,"covered":0,"skipped":0,"pct":0},"statements":{"total":94,"covered":0,"skipped":0,"pct":0},"branches":{"total":1,"covered":0,"skipped":0,"pct":0}}
,"/Users/brianboy/Repositories/personal/eleno/app/src/components/features/onboarding/PasswordCard.component.tsx": {"lines":{"total":136,"covered":0,"skipped":0,"pct":0},"functions":{"total":1,"covered":0,"skipped":0,"pct":0},"statements":{"total":136,"covered":0,"skipped":0,"pct":0},"branches":{"total":1,"covered":0,"skipped":0,"pct":0}}
,"/Users/brianboy/Repositories/personal/eleno/app/src/components/features/onboarding/ProfileCard.component.tsx": {"lines":{"total":146,"covered":0,"skipped":0,"pct":0},"functions":{"total":1,"covered":0,"skipped":0,"pct":0},"statements":{"total":146,"covered":0,"skipped":0,"pct":0},"branches":{"total":1,"covered":0,"skipped":0,"pct":0}}
,"/Users/brianboy/Repositories/personal/eleno/app/src/components/features/onboarding/steps/AddGroup.component.tsx": {"lines":{"total":83,"covered":0,"skipped":0,"pct":0},"functions":{"total":1,"covered":0,"skipped":0,"pct":0},"statements":{"total":83,"covered":0,"skipped":0,"pct":0},"branches":{"total":1,"covered":0,"skipped":0,"pct":0}}
,"/Users/brianboy/Repositories/personal/eleno/app/src/components/features/onboarding/steps/AddStudents.component.tsx": {"lines":{"total":88,"covered":0,"skipped":0,"pct":0},"functions":{"total":1,"covered":0,"skipped":0,"pct":0},"statements":{"total":88,"covered":0,"skipped":0,"pct":0},"branches":{"total":1,"covered":0,"skipped":0,"pct":0}}
,"/Users/brianboy/Repositories/personal/eleno/app/src/components/features/onboarding/steps/ImportantLinks.component.tsx": {"lines":{"total":43,"covered":0,"skipped":0,"pct":0},"functions":{"total":1,"covered":0,"skipped":0,"pct":0},"statements":{"total":43,"covered":0,"skipped":0,"pct":0},"branches":{"total":1,"covered":0,"skipped":0,"pct":0}}
,"/Users/brianboy/Repositories/personal/eleno/app/src/components/features/onboarding/steps/Welcome.component.tsx": {"lines":{"total":14,"covered":0,"skipped":0,"pct":0},"functions":{"total":1,"covered":0,"skipped":0,"pct":0},"statements":{"total":14,"covered":0,"skipped":0,"pct":0},"branches":{"total":1,"covered":0,"skipped":0,"pct":0}}
,"/Users/brianboy/Repositories/personal/eleno/app/src/components/features/pdf/BaseLayoutPDF.component.tsx": {"lines":{"total":108,"covered":0,"skipped":0,"pct":0},"functions":{"total":1,"covered":0,"skipped":0,"pct":0},"statements":{"total":108,"covered":0,"skipped":0,"pct":0},"branches":{"total":1,"covered":0,"skipped":0,"pct":0}}
,"/Users/brianboy/Repositories/personal/eleno/app/src/components/features/pdf/GrouplistPDF.component.tsx": {"lines":{"total":69,"covered":0,"skipped":0,"pct":0},"functions":{"total":1,"covered":0,"skipped":0,"pct":0},"statements":{"total":69,"covered":0,"skipped":0,"pct":0},"branches":{"total":1,"covered":0,"skipped":0,"pct":0}}
,"/Users/brianboy/Repositories/personal/eleno/app/src/components/features/pdf/LessonsPDF.component.tsx": {"lines":{"total":98,"covered":0,"skipped":0,"pct":0},"functions":{"total":1,"covered":0,"skipped":0,"pct":0},"statements":{"total":98,"covered":0,"skipped":0,"pct":0},"branches":{"total":1,"covered":0,"skipped":0,"pct":0}}
,"/Users/brianboy/Repositories/personal/eleno/app/src/components/features/pdf/RepertoirePDF.component.tsx": {"lines":{"total":35,"covered":0,"skipped":0,"pct":0},"functions":{"total":1,"covered":0,"skipped":0,"pct":0},"statements":{"total":35,"covered":0,"skipped":0,"pct":0},"branches":{"total":1,"covered":0,"skipped":0,"pct":0}}
,"/Users/brianboy/Repositories/personal/eleno/app/src/components/features/pdf/StudentlistPDF.component.tsx": {"lines":{"total":80,"covered":0,"skipped":0,"pct":0},"functions":{"total":1,"covered":0,"skipped":0,"pct":0},"statements":{"total":80,"covered":0,"skipped":0,"pct":0},"branches":{"total":1,"covered":0,"skipped":0,"pct":0}}
,"/Users/brianboy/Repositories/personal/eleno/app/src/components/features/pdf/TablePDF.component.tsx": {"lines":{"total":35,"covered":0,"skipped":0,"pct":0},"functions":{"total":1,"covered":0,"skipped":0,"pct":0},"statements":{"total":35,"covered":0,"skipped":0,"pct":0},"branches":{"total":1,"covered":0,"skipped":0,"pct":0}}
,"/Users/brianboy/Repositories/personal/eleno/app/src/components/features/pdf/TimetablePDF.component.tsx": {"lines":{"total":68,"covered":0,"skipped":0,"pct":0},"functions":{"total":1,"covered":0,"skipped":0,"pct":0},"statements":{"total":68,"covered":0,"skipped":0,"pct":0},"branches":{"total":1,"covered":0,"skipped":0,"pct":0}}
,"/Users/brianboy/Repositories/personal/eleno/app/src/components/features/pdf/index.ts": {"lines":{"total":6,"covered":0,"skipped":0,"pct":0},"functions":{"total":1,"covered":1,"skipped":0,"pct":100},"statements":{"total":6,"covered":0,"skipped":0,"pct":0},"branches":{"total":1,"covered":1,"skipped":0,"pct":100}}
,"/Users/brianboy/Repositories/personal/eleno/app/src/components/features/pdf/types.ts": {"lines":{"total":0,"covered":0,"skipped":0,"pct":0},"functions":{"total":1,"covered":1,"skipped":0,"pct":0},"statements":{"total":0,"covered":0,"skipped":0,"pct":0},"branches":{"total":1,"covered":1,"skipped":0,"pct":0}}
,"/Users/brianboy/Repositories/personal/eleno/app/src/components/features/repertoire/CreateRepertoireItem.component.tsx": {"lines":{"total":120,"covered":0,"skipped":0,"pct":0},"functions":{"total":1,"covered":0,"skipped":0,"pct":0},"statements":{"total":120,"covered":0,"skipped":0,"pct":0},"branches":{"total":1,"covered":0,"skipped":0,"pct":0}}
,"/Users/brianboy/Repositories/personal/eleno/app/src/components/features/repertoire/DeleteReperoireItemDeleteDrawerDialog.component.tsx": {"lines":{"total":33,"covered":0,"skipped":0,"pct":0},"functions":{"total":1,"covered":0,"skipped":0,"pct":0},"statements":{"total":33,"covered":0,"skipped":0,"pct":0},"branches":{"total":1,"covered":0,"skipped":0,"pct":0}}
,"/Users/brianboy/Repositories/personal/eleno/app/src/components/features/repertoire/DeleteRepertoireItem.component.tsx": {"lines":{"total":44,"covered":0,"skipped":0,"pct":0},"functions":{"total":1,"covered":0,"skipped":0,"pct":0},"statements":{"total":44,"covered":0,"skipped":0,"pct":0},"branches":{"total":1,"covered":0,"skipped":0,"pct":0}}
,"/Users/brianboy/Repositories/personal/eleno/app/src/components/features/repertoire/ExportRepertoire.component.tsx": {"lines":{"total":146,"covered":0,"skipped":0,"pct":0},"functions":{"total":1,"covered":0,"skipped":0,"pct":0},"statements":{"total":146,"covered":0,"skipped":0,"pct":0},"branches":{"total":1,"covered":0,"skipped":0,"pct":0}}
,"/Users/brianboy/Repositories/personal/eleno/app/src/components/features/repertoire/ExportRepertoireSkeleton.component.tsx": {"lines":{"total":18,"covered":0,"skipped":0,"pct":0},"functions":{"total":1,"covered":0,"skipped":0,"pct":0},"statements":{"total":18,"covered":0,"skipped":0,"pct":0},"branches":{"total":1,"covered":0,"skipped":0,"pct":0}}
,"/Users/brianboy/Repositories/personal/eleno/app/src/components/features/repertoire/Repertoire.component.tsx": {"lines":{"total":28,"covered":0,"skipped":0,"pct":0},"functions":{"total":1,"covered":0,"skipped":0,"pct":0},"statements":{"total":28,"covered":0,"skipped":0,"pct":0},"branches":{"total":1,"covered":0,"skipped":0,"pct":0}}
,"/Users/brianboy/Repositories/personal/eleno/app/src/components/features/repertoire/RepertoireNavButton.component.tsx": {"lines":{"total":31,"covered":0,"skipped":0,"pct":0},"functions":{"total":1,"covered":0,"skipped":0,"pct":0},"statements":{"total":31,"covered":0,"skipped":0,"pct":0},"branches":{"total":1,"covered":0,"skipped":0,"pct":0}}
,"/Users/brianboy/Repositories/personal/eleno/app/src/components/features/repertoire/UpdateRepertoireItem.component.tsx": {"lines":{"total":105,"covered":0,"skipped":0,"pct":0},"functions":{"total":1,"covered":0,"skipped":0,"pct":0},"statements":{"total":105,"covered":0,"skipped":0,"pct":0},"branches":{"total":1,"covered":0,"skipped":0,"pct":0}}
,"/Users/brianboy/Repositories/personal/eleno/app/src/components/features/repertoire/UpdateRepertoireItemDrawerDialog.component.tsx": {"lines":{"total":47,"covered":0,"skipped":0,"pct":0},"functions":{"total":1,"covered":0,"skipped":0,"pct":0},"statements":{"total":47,"covered":0,"skipped":0,"pct":0},"branches":{"total":1,"covered":0,"skipped":0,"pct":0}}
,"/Users/brianboy/Repositories/personal/eleno/app/src/components/features/repertoire/repertoireQueries.ts": {"lines":{"total":13,"covered":0,"skipped":0,"pct":0},"functions":{"total":1,"covered":0,"skipped":0,"pct":0},"statements":{"total":13,"covered":0,"skipped":0,"pct":0},"branches":{"total":1,"covered":0,"skipped":0,"pct":0}}
,"/Users/brianboy/Repositories/personal/eleno/app/src/components/features/repertoire/useCreateRepertoireItem.ts": {"lines":{"total":39,"covered":0,"skipped":0,"pct":0},"functions":{"total":1,"covered":0,"skipped":0,"pct":0},"statements":{"total":39,"covered":0,"skipped":0,"pct":0},"branches":{"total":1,"covered":0,"skipped":0,"pct":0}}
,"/Users/brianboy/Repositories/personal/eleno/app/src/components/features/repertoire/useDeleteRepertoireItem.ts": {"lines":{"total":43,"covered":0,"skipped":0,"pct":0},"functions":{"total":1,"covered":0,"skipped":0,"pct":0},"statements":{"total":43,"covered":0,"skipped":0,"pct":0},"branches":{"total":1,"covered":0,"skipped":0,"pct":0}}
,"/Users/brianboy/Repositories/personal/eleno/app/src/components/features/repertoire/useUpdateRepertoireItem.ts": {"lines":{"total":43,"covered":0,"skipped":0,"pct":0},"functions":{"total":1,"covered":0,"skipped":0,"pct":0},"statements":{"total":43,"covered":0,"skipped":0,"pct":0},"branches":{"total":1,"covered":0,"skipped":0,"pct":0}}
,"/Users/brianboy/Repositories/personal/eleno/app/src/components/features/repertoire/repertoireTable/RepertoireMobileDrawer.component.tsx": {"lines":{"total":135,"covered":0,"skipped":0,"pct":0},"functions":{"total":1,"covered":0,"skipped":0,"pct":0},"statements":{"total":135,"covered":0,"skipped":0,"pct":0},"branches":{"total":1,"covered":0,"skipped":0,"pct":0}}
,"/Users/brianboy/Repositories/personal/eleno/app/src/components/features/repertoire/repertoireTable/repertoireColumns.tsx": {"lines":{"total":207,"covered":0,"skipped":0,"pct":0},"functions":{"total":1,"covered":0,"skipped":0,"pct":0},"statements":{"total":207,"covered":0,"skipped":0,"pct":0},"branches":{"total":1,"covered":0,"skipped":0,"pct":0}}
,"/Users/brianboy/Repositories/personal/eleno/app/src/components/features/repertoire/repertoireTable/repertoireColumnsMobile.tsx": {"lines":{"total":13,"covered":0,"skipped":0,"pct":0},"functions":{"total":1,"covered":1,"skipped":0,"pct":100},"statements":{"total":13,"covered":0,"skipped":0,"pct":0},"branches":{"total":1,"covered":1,"skipped":0,"pct":100}}
,"/Users/brianboy/Repositories/personal/eleno/app/src/components/features/repertoire/repertoireTable/repertoireControl.tsx": {"lines":{"total":61,"covered":0,"skipped":0,"pct":0},"functions":{"total":1,"covered":0,"skipped":0,"pct":0},"statements":{"total":61,"covered":0,"skipped":0,"pct":0},"branches":{"total":1,"covered":0,"skipped":0,"pct":0}}
,"/Users/brianboy/Repositories/personal/eleno/app/src/components/features/repertoire/repertoireTable/repertoireTable.component.tsx": {"lines":{"total":131,"covered":0,"skipped":0,"pct":0},"functions":{"total":1,"covered":0,"skipped":0,"pct":0},"statements":{"total":131,"covered":0,"skipped":0,"pct":0},"branches":{"total":1,"covered":0,"skipped":0,"pct":0}}
,"/Users/brianboy/Repositories/personal/eleno/app/src/components/features/settings/Account.tsx": {"lines":{"total":176,"covered":0,"skipped":0,"pct":0},"functions":{"total":1,"covered":0,"skipped":0,"pct":0},"statements":{"total":176,"covered":0,"skipped":0,"pct":0},"branches":{"total":1,"covered":0,"skipped":0,"pct":0}}
,"/Users/brianboy/Repositories/personal/eleno/app/src/components/features/settings/LessonMainLayoutToggle.component.tsx": {"lines":{"total":41,"covered":0,"skipped":0,"pct":0},"functions":{"total":1,"covered":0,"skipped":0,"pct":0},"statements":{"total":41,"covered":0,"skipped":0,"pct":0},"branches":{"total":1,"covered":0,"skipped":0,"pct":0}}
,"/Users/brianboy/Repositories/personal/eleno/app/src/components/features/settings/View.tsx": {"lines":{"total":22,"covered":0,"skipped":0,"pct":0},"functions":{"total":1,"covered":0,"skipped":0,"pct":0},"statements":{"total":22,"covered":0,"skipped":0,"pct":0},"branches":{"total":1,"covered":0,"skipped":0,"pct":0}}
,"/Users/brianboy/Repositories/personal/eleno/app/src/components/features/settings/settingsQuery.ts": {"lines":{"total":13,"covered":3,"skipped":0,"pct":23.07},"functions":{"total":1,"covered":0,"skipped":0,"pct":0},"statements":{"total":13,"covered":3,"skipped":0,"pct":23.07},"branches":{"total":0,"covered":0,"skipped":0,"pct":100}}
,"/Users/brianboy/Repositories/personal/eleno/app/src/components/features/settings/useUpdateSettings.ts": {"lines":{"total":24,"covered":0,"skipped":0,"pct":0},"functions":{"total":1,"covered":0,"skipped":0,"pct":0},"statements":{"total":24,"covered":0,"skipped":0,"pct":0},"branches":{"total":1,"covered":0,"skipped":0,"pct":0}}
,"/Users/brianboy/Repositories/personal/eleno/app/src/components/features/settings/profile/DeleteAccount.component.tsx": {"lines":{"total":82,"covered":0,"skipped":0,"pct":0},"functions":{"total":1,"covered":0,"skipped":0,"pct":0},"statements":{"total":82,"covered":0,"skipped":0,"pct":0},"branches":{"total":1,"covered":0,"skipped":0,"pct":0}}
,"/Users/brianboy/Repositories/personal/eleno/app/src/components/features/settings/profile/UpdateEmail.component.tsx": {"lines":{"total":108,"covered":0,"skipped":0,"pct":0},"functions":{"total":1,"covered":0,"skipped":0,"pct":0},"statements":{"total":108,"covered":0,"skipped":0,"pct":0},"branches":{"total":1,"covered":0,"skipped":0,"pct":0}}
,"/Users/brianboy/Repositories/personal/eleno/app/src/components/features/settings/profile/UpdatePassword.component.tsx": {"lines":{"total":95,"covered":0,"skipped":0,"pct":0},"functions":{"total":1,"covered":0,"skipped":0,"pct":0},"statements":{"total":95,"covered":0,"skipped":0,"pct":0},"branches":{"total":1,"covered":0,"skipped":0,"pct":0}}
,"/Users/brianboy/Repositories/personal/eleno/app/src/components/features/settings/profile/UpdateProfile.component.tsx": {"lines":{"total":106,"covered":0,"skipped":0,"pct":0},"functions":{"total":1,"covered":0,"skipped":0,"pct":0},"statements":{"total":106,"covered":0,"skipped":0,"pct":0},"branches":{"total":1,"covered":0,"skipped":0,"pct":0}}
,"/Users/brianboy/Repositories/personal/eleno/app/src/components/features/students/AddHolderCombobox.component.tsx": {"lines":{"total":116,"covered":10,"skipped":0,"pct":8.62},"functions":{"total":1,"covered":0,"skipped":0,"pct":0},"statements":{"total":116,"covered":10,"skipped":0,"pct":8.62},"branches":{"total":0,"covered":0,"skipped":0,"pct":100}}
,"/Users/brianboy/Repositories/personal/eleno/app/src/components/features/students/ConvertStudentToGroup.component.tsx": {"lines":{"total":270,"covered":0,"skipped":0,"pct":0},"functions":{"total":1,"covered":0,"skipped":0,"pct":0},"statements":{"total":270,"covered":0,"skipped":0,"pct":0},"branches":{"total":1,"covered":0,"skipped":0,"pct":0}}
,"/Users/brianboy/Repositories/personal/eleno/app/src/components/features/students/CreateStudentDialogDrawer.component.tsx": {"lines":{"total":30,"covered":30,"skipped":0,"pct":100},"functions":{"total":2,"covered":1,"skipped":0,"pct":50},"statements":{"total":30,"covered":30,"skipped":0,"pct":100},"branches":{"total":1,"covered":1,"skipped":0,"pct":100}}
,"/Users/brianboy/Repositories/personal/eleno/app/src/components/features/students/CreateStudents.component.tsx": {"lines":{"total":194,"covered":69,"skipped":0,"pct":35.56},"functions":{"total":1,"covered":0,"skipped":0,"pct":0},"statements":{"total":194,"covered":69,"skipped":0,"pct":35.56},"branches":{"total":0,"covered":0,"skipped":0,"pct":100}}
,"/Users/brianboy/Repositories/personal/eleno/app/src/components/features/students/DeleteHolders.component.tsx": {"lines":{"total":16,"covered":0,"skipped":0,"pct":0},"functions":{"total":1,"covered":0,"skipped":0,"pct":0},"statements":{"total":16,"covered":0,"skipped":0,"pct":0},"branches":{"total":1,"covered":0,"skipped":0,"pct":0}}
,"/Users/brianboy/Repositories/personal/eleno/app/src/components/features/students/DeleteHoldersDialogDrawer.component.tsx": {"lines":{"total":85,"covered":0,"skipped":0,"pct":0},"functions":{"total":1,"covered":0,"skipped":0,"pct":0},"statements":{"total":85,"covered":0,"skipped":0,"pct":0},"branches":{"total":1,"covered":0,"skipped":0,"pct":0}}
,"/Users/brianboy/Repositories/personal/eleno/app/src/components/features/students/ExportStudentList.component.tsx": {"lines":{"total":106,"covered":0,"skipped":0,"pct":0},"functions":{"total":1,"covered":0,"skipped":0,"pct":0},"statements":{"total":106,"covered":0,"skipped":0,"pct":0},"branches":{"total":1,"covered":0,"skipped":0,"pct":0}}
,"/Users/brianboy/Repositories/personal/eleno/app/src/components/features/students/ExportStudentListSkeleton.component.tsx": {"lines":{"total":18,"covered":0,"skipped":0,"pct":0},"functions":{"total":1,"covered":0,"skipped":0,"pct":0},"statements":{"total":18,"covered":0,"skipped":0,"pct":0},"branches":{"total":1,"covered":0,"skipped":0,"pct":0}}
,"/Users/brianboy/Repositories/personal/eleno/app/src/components/features/students/InactiveLessonHolders.component.tsx": {"lines":{"total":46,"covered":0,"skipped":0,"pct":0},"functions":{"total":1,"covered":0,"skipped":0,"pct":0},"statements":{"total":46,"covered":0,"skipped":0,"pct":0},"branches":{"total":1,"covered":0,"skipped":0,"pct":0}}
,"/Users/brianboy/Repositories/personal/eleno/app/src/components/features/students/ResetStudents.component.tsx": {"lines":{"total":37,"covered":0,"skipped":0,"pct":0},"functions":{"total":1,"covered":0,"skipped":0,"pct":0},"statements":{"total":37,"covered":0,"skipped":0,"pct":0},"branches":{"total":1,"covered":0,"skipped":0,"pct":0}}
,"/Users/brianboy/Repositories/personal/eleno/app/src/components/features/students/SearchStudentCombobox.component.tsx": {"lines":{"total":92,"covered":0,"skipped":0,"pct":0},"functions":{"total":1,"covered":0,"skipped":0,"pct":0},"statements":{"total":92,"covered":0,"skipped":0,"pct":0},"branches":{"total":1,"covered":0,"skipped":0,"pct":0}}
,"/Users/brianboy/Repositories/personal/eleno/app/src/components/features/students/StudentFormRow.component.tsx": {"lines":{"total":274,"covered":11,"skipped":0,"pct":4.01},"functions":{"total":1,"covered":0,"skipped":0,"pct":0},"statements":{"total":274,"covered":11,"skipped":0,"pct":4.01},"branches":{"total":0,"covered":0,"skipped":0,"pct":100}}
,"/Users/brianboy/Repositories/personal/eleno/app/src/components/features/students/UpdateStudentDialogDrawer.component.tsx": {"lines":{"total":35,"covered":0,"skipped":0,"pct":0},"functions":{"total":1,"covered":0,"skipped":0,"pct":0},"statements":{"total":35,"covered":0,"skipped":0,"pct":0},"branches":{"total":1,"covered":0,"skipped":0,"pct":0}}
,"/Users/brianboy/Repositories/personal/eleno/app/src/components/features/students/UpdateStudents.component.tsx": {"lines":{"total":157,"covered":0,"skipped":0,"pct":0},"functions":{"total":1,"covered":0,"skipped":0,"pct":0},"statements":{"total":157,"covered":0,"skipped":0,"pct":0},"branches":{"total":1,"covered":0,"skipped":0,"pct":0}}
,"/Users/brianboy/Repositories/personal/eleno/app/src/components/features/students/studentsQueries.ts": {"lines":{"total":13,"covered":13,"skipped":0,"pct":100},"functions":{"total":2,"covered":1,"skipped":0,"pct":50},"statements":{"total":13,"covered":13,"skipped":0,"pct":100},"branches":{"total":1,"covered":1,"skipped":0,"pct":100}}
,"/Users/brianboy/Repositories/personal/eleno/app/src/components/features/students/useAuthorizeGroupsHomeworkLink.ts": {"lines":{"total":37,"covered":4,"skipped":0,"pct":10.81},"functions":{"total":1,"covered":0,"skipped":0,"pct":0},"statements":{"total":37,"covered":4,"skipped":0,"pct":10.81},"branches":{"total":0,"covered":0,"skipped":0,"pct":100}}
,"/Users/brianboy/Repositories/personal/eleno/app/src/components/features/students/useAuthorizeStudentsHomeworkLink.ts": {"lines":{"total":42,"covered":4,"skipped":0,"pct":9.52},"functions":{"total":1,"covered":0,"skipped":0,"pct":0},"statements":{"total":42,"covered":4,"skipped":0,"pct":9.52},"branches":{"total":0,"covered":0,"skipped":0,"pct":100}}
,"/Users/brianboy/Repositories/personal/eleno/app/src/components/features/students/useConvertStudentToGroup.ts": {"lines":{"total":34,"covered":0,"skipped":0,"pct":0},"functions":{"total":1,"covered":0,"skipped":0,"pct":0},"statements":{"total":34,"covered":0,"skipped":0,"pct":0},"branches":{"total":1,"covered":0,"skipped":0,"pct":0}}
,"/Users/brianboy/Repositories/personal/eleno/app/src/components/features/students/useCreateStudents.ts": {"lines":{"total":29,"covered":5,"skipped":0,"pct":17.24},"functions":{"total":1,"covered":0,"skipped":0,"pct":0},"statements":{"total":29,"covered":5,"skipped":0,"pct":17.24},"branches":{"total":0,"covered":0,"skipped":0,"pct":100}}
,"/Users/brianboy/Repositories/personal/eleno/app/src/components/features/students/useDeactivateStudents.ts": {"lines":{"total":38,"covered":0,"skipped":0,"pct":0},"functions":{"total":1,"covered":0,"skipped":0,"pct":0},"statements":{"total":38,"covered":0,"skipped":0,"pct":0},"branches":{"total":1,"covered":0,"skipped":0,"pct":0}}
,"/Users/brianboy/Repositories/personal/eleno/app/src/components/features/students/useDeleteStudents.ts": {"lines":{"total":33,"covered":0,"skipped":0,"pct":0},"functions":{"total":1,"covered":0,"skipped":0,"pct":0},"statements":{"total":33,"covered":0,"skipped":0,"pct":0},"branches":{"total":1,"covered":0,"skipped":0,"pct":0}}
,"/Users/brianboy/Repositories/personal/eleno/app/src/components/features/students/useReactivateStudents.ts": {"lines":{"total":39,"covered":0,"skipped":0,"pct":0},"functions":{"total":1,"covered":0,"skipped":0,"pct":0},"statements":{"total":39,"covered":0,"skipped":0,"pct":0},"branches":{"total":1,"covered":0,"skipped":0,"pct":0}}
,"/Users/brianboy/Repositories/personal/eleno/app/src/components/features/students/useResetStudents.ts": {"lines":{"total":46,"covered":0,"skipped":0,"pct":0},"functions":{"total":1,"covered":0,"skipped":0,"pct":0},"statements":{"total":46,"covered":0,"skipped":0,"pct":0},"branches":{"total":1,"covered":0,"skipped":0,"pct":0}}
,"/Users/brianboy/Repositories/personal/eleno/app/src/components/features/students/useUpdateStudents.ts": {"lines":{"total":44,"covered":0,"skipped":0,"pct":0},"functions":{"total":1,"covered":0,"skipped":0,"pct":0},"statements":{"total":44,"covered":0,"skipped":0,"pct":0},"branches":{"total":1,"covered":0,"skipped":0,"pct":0}}
,"/Users/brianboy/Repositories/personal/eleno/app/src/components/features/students/activeStudents/ActiveStudents.component.tsx": {"lines":{"total":19,"covered":0,"skipped":0,"pct":0},"functions":{"total":1,"covered":0,"skipped":0,"pct":0},"statements":{"total":19,"covered":0,"skipped":0,"pct":0},"branches":{"total":1,"covered":0,"skipped":0,"pct":0}}
,"/Users/brianboy/Repositories/personal/eleno/app/src/components/features/students/activeStudents/activeStudentsTable/StudentMobileDrawer.component.tsx": {"lines":{"total":118,"covered":0,"skipped":0,"pct":0},"functions":{"total":1,"covered":0,"skipped":0,"pct":0},"statements":{"total":118,"covered":0,"skipped":0,"pct":0},"branches":{"total":1,"covered":0,"skipped":0,"pct":0}}
,"/Users/brianboy/Repositories/personal/eleno/app/src/components/features/students/activeStudents/activeStudentsTable/actionDropdown.tsx": {"lines":{"total":110,"covered":0,"skipped":0,"pct":0},"functions":{"total":1,"covered":0,"skipped":0,"pct":0},"statements":{"total":110,"covered":0,"skipped":0,"pct":0},"branches":{"total":1,"covered":0,"skipped":0,"pct":0}}
,"/Users/brianboy/Repositories/personal/eleno/app/src/components/features/students/activeStudents/activeStudentsTable/columns.tsx": {"lines":{"total":183,"covered":0,"skipped":0,"pct":0},"functions":{"total":1,"covered":1,"skipped":0,"pct":100},"statements":{"total":183,"covered":0,"skipped":0,"pct":0},"branches":{"total":1,"covered":1,"skipped":0,"pct":100}}
,"/Users/brianboy/Repositories/personal/eleno/app/src/components/features/students/activeStudents/activeStudentsTable/columnsMobile.tsx": {"lines":{"total":13,"covered":0,"skipped":0,"pct":0},"functions":{"total":1,"covered":1,"skipped":0,"pct":100},"statements":{"total":13,"covered":0,"skipped":0,"pct":0},"branches":{"total":1,"covered":1,"skipped":0,"pct":100}}
,"/Users/brianboy/Repositories/personal/eleno/app/src/components/features/students/activeStudents/activeStudentsTable/control.tsx": {"lines":{"total":92,"covered":0,"skipped":0,"pct":0},"functions":{"total":1,"covered":0,"skipped":0,"pct":0},"statements":{"total":92,"covered":0,"skipped":0,"pct":0},"branches":{"total":1,"covered":0,"skipped":0,"pct":0}}
,"/Users/brianboy/Repositories/personal/eleno/app/src/components/features/students/activeStudents/activeStudentsTable/rowDropdown.tsx": {"lines":{"total":162,"covered":0,"skipped":0,"pct":0},"functions":{"total":1,"covered":0,"skipped":0,"pct":0},"statements":{"total":162,"covered":0,"skipped":0,"pct":0},"branches":{"total":1,"covered":0,"skipped":0,"pct":0}}
,"/Users/brianboy/Repositories/personal/eleno/app/src/components/features/students/activeStudents/activeStudentsTable/table.tsx": {"lines":{"total":88,"covered":0,"skipped":0,"pct":0},"functions":{"total":1,"covered":0,"skipped":0,"pct":0},"statements":{"total":88,"covered":0,"skipped":0,"pct":0},"branches":{"total":1,"covered":0,"skipped":0,"pct":0}}
,"/Users/brianboy/Repositories/personal/eleno/app/src/components/features/students/inactiveHoldersTable/InactiveHolderMobileDrawer.component.tsx": {"lines":{"total":160,"covered":0,"skipped":0,"pct":0},"functions":{"total":1,"covered":0,"skipped":0,"pct":0},"statements":{"total":160,"covered":0,"skipped":0,"pct":0},"branches":{"total":1,"covered":0,"skipped":0,"pct":0}}
,"/Users/brianboy/Repositories/personal/eleno/app/src/components/features/students/inactiveHoldersTable/actionDropdown.tsx": {"lines":{"total":91,"covered":0,"skipped":0,"pct":0},"functions":{"total":1,"covered":0,"skipped":0,"pct":0},"statements":{"total":91,"covered":0,"skipped":0,"pct":0},"branches":{"total":1,"covered":0,"skipped":0,"pct":0}}
,"/Users/brianboy/Repositories/personal/eleno/app/src/components/features/students/inactiveHoldersTable/columns.tsx": {"lines":{"total":172,"covered":0,"skipped":0,"pct":0},"functions":{"total":1,"covered":1,"skipped":0,"pct":100},"statements":{"total":172,"covered":0,"skipped":0,"pct":0},"branches":{"total":1,"covered":1,"skipped":0,"pct":100}}
,"/Users/brianboy/Repositories/personal/eleno/app/src/components/features/students/inactiveHoldersTable/columnsMobile.tsx": {"lines":{"total":13,"covered":0,"skipped":0,"pct":0},"functions":{"total":1,"covered":1,"skipped":0,"pct":100},"statements":{"total":13,"covered":0,"skipped":0,"pct":0},"branches":{"total":1,"covered":1,"skipped":0,"pct":100}}
,"/Users/brianboy/Repositories/personal/eleno/app/src/components/features/students/inactiveHoldersTable/control.tsx": {"lines":{"total":45,"covered":0,"skipped":0,"pct":0},"functions":{"total":1,"covered":0,"skipped":0,"pct":0},"statements":{"total":45,"covered":0,"skipped":0,"pct":0},"branches":{"total":1,"covered":0,"skipped":0,"pct":0}}
,"/Users/brianboy/Repositories/personal/eleno/app/src/components/features/students/inactiveHoldersTable/rowDropdown.tsx": {"lines":{"total":101,"covered":0,"skipped":0,"pct":0},"functions":{"total":1,"covered":0,"skipped":0,"pct":0},"statements":{"total":101,"covered":0,"skipped":0,"pct":0},"branches":{"total":1,"covered":0,"skipped":0,"pct":0}}
,"/Users/brianboy/Repositories/personal/eleno/app/src/components/features/students/inactiveHoldersTable/table.tsx": {"lines":{"total":80,"covered":0,"skipped":0,"pct":0},"functions":{"total":1,"covered":0,"skipped":0,"pct":0},"statements":{"total":80,"covered":0,"skipped":0,"pct":0},"branches":{"total":1,"covered":0,"skipped":0,"pct":0}}
,"/Users/brianboy/Repositories/personal/eleno/app/src/components/features/subscription/Blocker.tsx": {"lines":{"total":32,"covered":19,"skipped":0,"pct":59.37},"functions":{"total":3,"covered":1,"skipped":0,"pct":33.33},"statements":{"total":32,"covered":19,"skipped":0,"pct":59.37},"branches":{"total":2,"covered":1,"skipped":0,"pct":50}}
,"/Users/brianboy/Repositories/personal/eleno/app/src/components/features/subscription/CancelSubscription.component.tsx": {"lines":{"total":76,"covered":0,"skipped":0,"pct":0},"functions":{"total":1,"covered":0,"skipped":0,"pct":0},"statements":{"total":76,"covered":0,"skipped":0,"pct":0},"branches":{"total":1,"covered":0,"skipped":0,"pct":0}}
,"/Users/brianboy/Repositories/personal/eleno/app/src/components/features/subscription/LifetimeTeaser.component.tsx": {"lines":{"total":85,"covered":0,"skipped":0,"pct":0},"functions":{"total":1,"covered":0,"skipped":0,"pct":0},"statements":{"total":85,"covered":0,"skipped":0,"pct":0},"branches":{"total":1,"covered":0,"skipped":0,"pct":0}}
,"/Users/brianboy/Repositories/personal/eleno/app/src/components/features/subscription/PaymentFailedNotification.component.tsx": {"lines":{"total":14,"covered":0,"skipped":0,"pct":0},"functions":{"total":1,"covered":0,"skipped":0,"pct":0},"statements":{"total":14,"covered":0,"skipped":0,"pct":0},"branches":{"total":1,"covered":0,"skipped":0,"pct":0}}
,"/Users/brianboy/Repositories/personal/eleno/app/src/components/features/subscription/PricingPlanCHF.component.tsx": {"lines":{"total":107,"covered":0,"skipped":0,"pct":0},"functions":{"total":1,"covered":0,"skipped":0,"pct":0},"statements":{"total":107,"covered":0,"skipped":0,"pct":0},"branches":{"total":1,"covered":0,"skipped":0,"pct":0}}
,"/Users/brianboy/Repositories/personal/eleno/app/src/components/features/subscription/PricingPlanEUR.component.tsx": {"lines":{"total":107,"covered":0,"skipped":0,"pct":0},"functions":{"total":1,"covered":0,"skipped":0,"pct":0},"statements":{"total":107,"covered":0,"skipped":0,"pct":0},"branches":{"total":1,"covered":0,"skipped":0,"pct":0}}
,"/Users/brianboy/Repositories/personal/eleno/app/src/components/features/subscription/PricingPlans.component.tsx": {"lines":{"total":27,"covered":0,"skipped":0,"pct":0},"functions":{"total":1,"covered":0,"skipped":0,"pct":0},"statements":{"total":27,"covered":0,"skipped":0,"pct":0},"branches":{"total":1,"covered":0,"skipped":0,"pct":0}}
,"/Users/brianboy/Repositories/personal/eleno/app/src/components/features/subscription/ReactivateSubscription.component.tsx": {"lines":{"total":74,"covered":0,"skipped":0,"pct":0},"functions":{"total":1,"covered":0,"skipped":0,"pct":0},"statements":{"total":74,"covered":0,"skipped":0,"pct":0},"branches":{"total":1,"covered":0,"skipped":0,"pct":0}}
,"/Users/brianboy/Repositories/personal/eleno/app/src/components/features/subscription/commonFeatures.ts": {"lines":{"total":8,"covered":0,"skipped":0,"pct":0},"functions":{"total":1,"covered":0,"skipped":0,"pct":0},"statements":{"total":8,"covered":0,"skipped":0,"pct":0},"branches":{"total":1,"covered":0,"skipped":0,"pct":0}}
,"/Users/brianboy/Repositories/personal/eleno/app/src/components/features/subscription/subscriptionQuery.ts": {"lines":{"total":13,"covered":3,"skipped":0,"pct":23.07},"functions":{"total":1,"covered":0,"skipped":0,"pct":0},"statements":{"total":13,"covered":3,"skipped":0,"pct":23.07},"branches":{"total":0,"covered":0,"skipped":0,"pct":100}}
,"/Users/brianboy/Repositories/personal/eleno/app/src/components/features/subscription/buttons/ButtonCancelSubscription.component.tsx": {"lines":{"total":27,"covered":0,"skipped":0,"pct":0},"functions":{"total":1,"covered":0,"skipped":0,"pct":0},"statements":{"total":27,"covered":0,"skipped":0,"pct":0},"branches":{"total":1,"covered":0,"skipped":0,"pct":0}}
,"/Users/brianboy/Repositories/personal/eleno/app/src/components/features/subscription/buttons/ButtonCheckoutLifetime.component.tsx": {"lines":{"total":73,"covered":0,"skipped":0,"pct":0},"functions":{"total":1,"covered":0,"skipped":0,"pct":0},"statements":{"total":73,"covered":0,"skipped":0,"pct":0},"branches":{"total":1,"covered":0,"skipped":0,"pct":0}}
,"/Users/brianboy/Repositories/personal/eleno/app/src/components/features/subscription/buttons/ButtonCheckoutMonthly.component.tsx": {"lines":{"total":73,"covered":0,"skipped":0,"pct":0},"functions":{"total":1,"covered":0,"skipped":0,"pct":0},"statements":{"total":73,"covered":0,"skipped":0,"pct":0},"branches":{"total":1,"covered":0,"skipped":0,"pct":0}}
,"/Users/brianboy/Repositories/personal/eleno/app/src/components/features/subscription/buttons/ButtonCheckoutYearly.component.tsx": {"lines":{"total":76,"covered":0,"skipped":0,"pct":0},"functions":{"total":1,"covered":0,"skipped":0,"pct":0},"statements":{"total":76,"covered":0,"skipped":0,"pct":0},"branches":{"total":1,"covered":0,"skipped":0,"pct":0}}
,"/Users/brianboy/Repositories/personal/eleno/app/src/components/features/subscription/buttons/ButtonGetInvoice.component.tsx": {"lines":{"total":60,"covered":0,"skipped":0,"pct":0},"functions":{"total":1,"covered":0,"skipped":0,"pct":0},"statements":{"total":60,"covered":0,"skipped":0,"pct":0},"branches":{"total":1,"covered":0,"skipped":0,"pct":0}}
,"/Users/brianboy/Repositories/personal/eleno/app/src/components/features/subscription/buttons/ButtonManageSubscription.component.tsx": {"lines":{"total":66,"covered":0,"skipped":0,"pct":0},"functions":{"total":1,"covered":0,"skipped":0,"pct":0},"statements":{"total":66,"covered":0,"skipped":0,"pct":0},"branches":{"total":1,"covered":0,"skipped":0,"pct":0}}
,"/Users/brianboy/Repositories/personal/eleno/app/src/components/features/subscription/buttons/ButtonReactivateSubscription.component.tsx": {"lines":{"total":22,"covered":0,"skipped":0,"pct":0},"functions":{"total":1,"covered":0,"skipped":0,"pct":0},"statements":{"total":22,"covered":0,"skipped":0,"pct":0},"branches":{"total":1,"covered":0,"skipped":0,"pct":0}}
,"/Users/brianboy/Repositories/personal/eleno/app/src/components/features/subscription/buttons/ButtonUpdatePlan.component.tsx": {"lines":{"total":56,"covered":0,"skipped":0,"pct":0},"functions":{"total":1,"covered":0,"skipped":0,"pct":0},"statements":{"total":56,"covered":0,"skipped":0,"pct":0},"branches":{"total":1,"covered":0,"skipped":0,"pct":0}}
,"/Users/brianboy/Repositories/personal/eleno/app/src/components/features/subscription/infos/PeriodRow.component.tsx": {"lines":{"total":34,"covered":0,"skipped":0,"pct":0},"functions":{"total":1,"covered":0,"skipped":0,"pct":0},"statements":{"total":34,"covered":0,"skipped":0,"pct":0},"branches":{"total":1,"covered":0,"skipped":0,"pct":0}}
,"/Users/brianboy/Repositories/personal/eleno/app/src/components/features/subscription/infos/PlanRow.component.tsx": {"lines":{"total":16,"covered":0,"skipped":0,"pct":0},"functions":{"total":1,"covered":0,"skipped":0,"pct":0},"statements":{"total":16,"covered":0,"skipped":0,"pct":0},"branches":{"total":1,"covered":0,"skipped":0,"pct":0}}
,"/Users/brianboy/Repositories/personal/eleno/app/src/components/features/subscription/infos/StatusRow.component.tsx": {"lines":{"total":44,"covered":0,"skipped":0,"pct":0},"functions":{"total":1,"covered":0,"skipped":0,"pct":0},"statements":{"total":44,"covered":0,"skipped":0,"pct":0},"branches":{"total":1,"covered":0,"skipped":0,"pct":0}}
,"/Users/brianboy/Repositories/personal/eleno/app/src/components/features/subscription/infos/SubscriptionInfos.tsx": {"lines":{"total":31,"covered":0,"skipped":0,"pct":0},"functions":{"total":1,"covered":0,"skipped":0,"pct":0},"statements":{"total":31,"covered":0,"skipped":0,"pct":0},"branches":{"total":1,"covered":0,"skipped":0,"pct":0}}
,"/Users/brianboy/Repositories/personal/eleno/app/src/components/features/subscription/organizations/OrganizationRow.component.tsx": {"lines":{"total":37,"covered":0,"skipped":0,"pct":0},"functions":{"total":1,"covered":0,"skipped":0,"pct":0},"statements":{"total":37,"covered":0,"skipped":0,"pct":0},"branches":{"total":1,"covered":0,"skipped":0,"pct":0}}
,"/Users/brianboy/Repositories/personal/eleno/app/src/components/features/subscription/organizations/organizationQuery.ts": {"lines":{"total":15,"covered":0,"skipped":0,"pct":0},"functions":{"total":1,"covered":0,"skipped":0,"pct":0},"statements":{"total":15,"covered":0,"skipped":0,"pct":0},"branches":{"total":1,"covered":0,"skipped":0,"pct":0}}
,"/Users/brianboy/Repositories/personal/eleno/app/src/components/features/timetable/ExportTimetable.tsx": {"lines":{"total":131,"covered":0,"skipped":0,"pct":0},"functions":{"total":1,"covered":0,"skipped":0,"pct":0},"statements":{"total":131,"covered":0,"skipped":0,"pct":0},"branches":{"total":1,"covered":0,"skipped":0,"pct":0}}
,"/Users/brianboy/Repositories/personal/eleno/app/src/components/features/timetable/ExportTimetableSkeleton.component.tsx": {"lines":{"total":17,"covered":0,"skipped":0,"pct":0},"functions":{"total":1,"covered":0,"skipped":0,"pct":0},"statements":{"total":17,"covered":0,"skipped":0,"pct":0},"branches":{"total":1,"covered":0,"skipped":0,"pct":0}}
,"/Users/brianboy/Repositories/personal/eleno/app/src/components/features/timetable/TimetableDay.component.tsx": {"lines":{"total":20,"covered":0,"skipped":0,"pct":0},"functions":{"total":1,"covered":1,"skipped":0,"pct":100},"statements":{"total":20,"covered":0,"skipped":0,"pct":0},"branches":{"total":1,"covered":1,"skipped":0,"pct":100}}
,"/Users/brianboy/Repositories/personal/eleno/app/src/components/features/timetable/TimetableRow.component.tsx": {"lines":{"total":38,"covered":0,"skipped":0,"pct":0},"functions":{"total":1,"covered":0,"skipped":0,"pct":0},"statements":{"total":38,"covered":0,"skipped":0,"pct":0},"branches":{"total":1,"covered":0,"skipped":0,"pct":0}}
,"/Users/brianboy/Repositories/personal/eleno/app/src/components/features/todos/CompletedTodoDropdown.component.tsx": {"lines":{"total":48,"covered":0,"skipped":0,"pct":0},"functions":{"total":1,"covered":0,"skipped":0,"pct":0},"statements":{"total":48,"covered":0,"skipped":0,"pct":0},"branches":{"total":1,"covered":0,"skipped":0,"pct":0}}
,"/Users/brianboy/Repositories/personal/eleno/app/src/components/features/todos/CreateTodo.component.tsx": {"lines":{"total":132,"covered":13,"skipped":0,"pct":9.84},"functions":{"total":1,"covered":0,"skipped":0,"pct":0},"statements":{"total":132,"covered":13,"skipped":0,"pct":9.84},"branches":{"total":0,"covered":0,"skipped":0,"pct":100}}
,"/Users/brianboy/Repositories/personal/eleno/app/src/components/features/todos/CreateTodoDialogDrawer.component.tsx": {"lines":{"total":31,"covered":31,"skipped":0,"pct":100},"functions":{"total":2,"covered":1,"skipped":0,"pct":50},"statements":{"total":31,"covered":31,"skipped":0,"pct":100},"branches":{"total":1,"covered":1,"skipped":0,"pct":100}}
,"/Users/brianboy/Repositories/personal/eleno/app/src/components/features/todos/DeleteTodos.component.tsx": {"lines":{"total":57,"covered":0,"skipped":0,"pct":0},"functions":{"total":1,"covered":0,"skipped":0,"pct":0},"statements":{"total":57,"covered":0,"skipped":0,"pct":0},"branches":{"total":1,"covered":0,"skipped":0,"pct":0}}
,"/Users/brianboy/Repositories/personal/eleno/app/src/components/features/todos/OpenTodoDropdown.component.tsx": {"lines":{"total":38,"covered":0,"skipped":0,"pct":0},"functions":{"total":1,"covered":0,"skipped":0,"pct":0},"statements":{"total":38,"covered":0,"skipped":0,"pct":0},"branches":{"total":1,"covered":0,"skipped":0,"pct":0}}
,"/Users/brianboy/Repositories/personal/eleno/app/src/components/features/todos/TodoDescription.component.tsx": {"lines":{"total":18,"covered":0,"skipped":0,"pct":0},"functions":{"total":1,"covered":0,"skipped":0,"pct":0},"statements":{"total":18,"covered":0,"skipped":0,"pct":0},"branches":{"total":1,"covered":0,"skipped":0,"pct":0}}
,"/Users/brianboy/Repositories/personal/eleno/app/src/components/features/todos/TodoItem.component.tsx": {"lines":{"total":99,"covered":0,"skipped":0,"pct":0},"functions":{"total":1,"covered":0,"skipped":0,"pct":0},"statements":{"total":99,"covered":0,"skipped":0,"pct":0},"branches":{"total":1,"covered":0,"skipped":0,"pct":0}}
,"/Users/brianboy/Repositories/personal/eleno/app/src/components/features/todos/TodoMobileDrawer.component.tsx": {"lines":{"total":262,"covered":0,"skipped":0,"pct":0},"functions":{"total":1,"covered":1,"skipped":0,"pct":100},"statements":{"total":262,"covered":0,"skipped":0,"pct":0},"branches":{"total":1,"covered":1,"skipped":0,"pct":100}}
,"/Users/brianboy/Repositories/personal/eleno/app/src/components/features/todos/TodosCompleted.component.tsx": {"lines":{"total":82,"covered":0,"skipped":0,"pct":0},"functions":{"total":1,"covered":0,"skipped":0,"pct":0},"statements":{"total":82,"covered":0,"skipped":0,"pct":0},"branches":{"total":1,"covered":0,"skipped":0,"pct":0}}
,"/Users/brianboy/Repositories/personal/eleno/app/src/components/features/todos/TodosOpen.component.tsx": {"lines":{"total":45,"covered":0,"skipped":0,"pct":0},"functions":{"total":1,"covered":0,"skipped":0,"pct":0},"statements":{"total":45,"covered":0,"skipped":0,"pct":0},"branches":{"total":1,"covered":0,"skipped":0,"pct":0}}
,"/Users/brianboy/Repositories/personal/eleno/app/src/components/features/todos/UpdateTodo.component.tsx": {"lines":{"total":118,"covered":0,"skipped":0,"pct":0},"functions":{"total":1,"covered":0,"skipped":0,"pct":0},"statements":{"total":118,"covered":0,"skipped":0,"pct":0},"branches":{"total":1,"covered":0,"skipped":0,"pct":0}}
,"/Users/brianboy/Repositories/personal/eleno/app/src/components/features/todos/todosQuery.ts": {"lines":{"total":13,"covered":13,"skipped":0,"pct":100},"functions":{"total":2,"covered":1,"skipped":0,"pct":50},"statements":{"total":13,"covered":13,"skipped":0,"pct":100},"branches":{"total":1,"covered":1,"skipped":0,"pct":100}}
,"/Users/brianboy/Repositories/personal/eleno/app/src/components/features/todos/useCompleteTodo.ts": {"lines":{"total":33,"covered":0,"skipped":0,"pct":0},"functions":{"total":1,"covered":0,"skipped":0,"pct":0},"statements":{"total":33,"covered":0,"skipped":0,"pct":0},"branches":{"total":1,"covered":0,"skipped":0,"pct":0}}
,"/Users/brianboy/Repositories/personal/eleno/app/src/components/features/todos/useCreateTodoItem.ts": {"lines":{"total":25,"covered":5,"skipped":0,"pct":20},"functions":{"total":1,"covered":0,"skipped":0,"pct":0},"statements":{"total":25,"covered":5,"skipped":0,"pct":20},"branches":{"total":0,"covered":0,"skipped":0,"pct":100}}
,"/Users/brianboy/Repositories/personal/eleno/app/src/components/features/todos/useDeleteTodos.ts": {"lines":{"total":35,"covered":0,"skipped":0,"pct":0},"functions":{"total":1,"covered":0,"skipped":0,"pct":0},"statements":{"total":35,"covered":0,"skipped":0,"pct":0},"branches":{"total":1,"covered":0,"skipped":0,"pct":0}}
,"/Users/brianboy/Repositories/personal/eleno/app/src/components/features/todos/useReactivateTodo.ts": {"lines":{"total":37,"covered":0,"skipped":0,"pct":0},"functions":{"total":1,"covered":0,"skipped":0,"pct":0},"statements":{"total":37,"covered":0,"skipped":0,"pct":0},"branches":{"total":1,"covered":0,"skipped":0,"pct":0}}
,"/Users/brianboy/Repositories/personal/eleno/app/src/components/features/todos/useUpdateTodo.ts": {"lines":{"total":34,"covered":0,"skipped":0,"pct":0},"functions":{"total":1,"covered":0,"skipped":0,"pct":0},"statements":{"total":34,"covered":0,"skipped":0,"pct":0},"branches":{"total":1,"covered":0,"skipped":0,"pct":0}}
,"/Users/brianboy/Repositories/personal/eleno/app/src/components/features/user/profileQuery.ts": {"lines":{"total":13,"covered":3,"skipped":0,"pct":23.07},"functions":{"total":1,"covered":0,"skipped":0,"pct":0},"statements":{"total":13,"covered":3,"skipped":0,"pct":23.07},"branches":{"total":0,"covered":0,"skipped":0,"pct":100}}
,"/Users/brianboy/Repositories/personal/eleno/app/src/components/features/user/useUpateProfileMeta.ts": {"lines":{"total":31,"covered":0,"skipped":0,"pct":0},"functions":{"total":1,"covered":0,"skipped":0,"pct":0},"statements":{"total":31,"covered":0,"skipped":0,"pct":0},"branches":{"total":1,"covered":0,"skipped":0,"pct":0}}
,"/Users/brianboy/Repositories/personal/eleno/app/src/components/features/user/useUpdateEmail.ts": {"lines":{"total":29,"covered":0,"skipped":0,"pct":0},"functions":{"total":1,"covered":0,"skipped":0,"pct":0},"statements":{"total":29,"covered":0,"skipped":0,"pct":0},"branches":{"total":1,"covered":0,"skipped":0,"pct":0}}
,"/Users/brianboy/Repositories/personal/eleno/app/src/components/features/user/useUpdatePassword.ts": {"lines":{"total":19,"covered":0,"skipped":0,"pct":0},"functions":{"total":1,"covered":0,"skipped":0,"pct":0},"statements":{"total":19,"covered":0,"skipped":0,"pct":0},"branches":{"total":1,"covered":0,"skipped":0,"pct":0}}
,"/Users/brianboy/Repositories/personal/eleno/app/src/components/features/user/login/Login.component.tsx": {"lines":{"total":12,"covered":3,"skipped":0,"pct":25},"functions":{"total":1,"covered":0,"skipped":0,"pct":0},"statements":{"total":12,"covered":3,"skipped":0,"pct":25},"branches":{"total":0,"covered":0,"skipped":0,"pct":100}}
,"/Users/brianboy/Repositories/personal/eleno/app/src/components/features/user/login/LoginCardEmail.component.tsx": {"lines":{"total":121,"covered":18,"skipped":0,"pct":14.87},"functions":{"total":1,"covered":0,"skipped":0,"pct":0},"statements":{"total":121,"covered":18,"skipped":0,"pct":14.87},"branches":{"total":0,"covered":0,"skipped":0,"pct":100}}
,"/Users/brianboy/Repositories/personal/eleno/app/src/components/features/user/login/LoginCardPassword.component.tsx": {"lines":{"total":148,"covered":17,"skipped":0,"pct":11.48},"functions":{"total":1,"covered":0,"skipped":0,"pct":0},"statements":{"total":148,"covered":17,"skipped":0,"pct":11.48},"branches":{"total":0,"covered":0,"skipped":0,"pct":100}}
,"/Users/brianboy/Repositories/personal/eleno/app/src/components/features/user/login/LoginHeader.component.tsx": {"lines":{"total":18,"covered":0,"skipped":0,"pct":0},"functions":{"total":1,"covered":0,"skipped":0,"pct":0},"statements":{"total":18,"covered":0,"skipped":0,"pct":0},"branches":{"total":1,"covered":0,"skipped":0,"pct":0}}
,"/Users/brianboy/Repositories/personal/eleno/app/src/components/features/user/login/PasswordRecovery.component.tsx": {"lines":{"total":8,"covered":2,"skipped":0,"pct":25},"functions":{"total":1,"covered":0,"skipped":0,"pct":0},"statements":{"total":8,"covered":2,"skipped":0,"pct":25},"branches":{"total":0,"covered":0,"skipped":0,"pct":100}}
,"/Users/brianboy/Repositories/personal/eleno/app/src/components/features/user/login/ResetCard.component.tsx": {"lines":{"total":101,"covered":20,"skipped":0,"pct":19.8},"functions":{"total":1,"covered":0,"skipped":0,"pct":0},"statements":{"total":101,"covered":20,"skipped":0,"pct":19.8},"branches":{"total":0,"covered":0,"skipped":0,"pct":100}}
[...]
,"/Users/brianboy/Repositories/personal/eleno/app/src/layouts/navbarMobile/ActionDrawer.component.tsx": {"lines":{"total":75,"covered":69,"skipped":0,"pct":92},"functions":{"total":10,"covered":1,"skipped":0,"pct":10},"statements":{"total":75,"covered":69,"skipped":0,"pct":92},"branches":{"total":1,"covered":1,"skipped":0,"pct":100}}
,"/Users/brianboy/Repositories/personal/eleno/app/src/layouts/navbarMobile/ActionItem.component.tsx": {"lines":{"total":20,"covered":2,"skipped":0,"pct":10},"functions":{"total":1,"covered":0,"skipped":0,"pct":0},"statements":{"total":20,"covered":2,"skipped":0,"pct":10},"branches":{"total":0,"covered":0,"skipped":0,"pct":100}}
,"/Users/brianboy/Repositories/personal/eleno/app/src/layouts/navbarMobile/NavbarMobile.component.tsx": {"lines":{"total":86,"covered":83,"skipped":0,"pct":96.51},"functions":{"total":3,"covered":1,"skipped":0,"pct":33.33},"statements":{"total":86,"covered":83,"skipped":0,"pct":96.51},"branches":{"total":9,"covered":1,"skipped":0,"pct":11.11}}
,"/Users/brianboy/Repositories/personal/eleno/app/src/layouts/navbarMobile/NavbarMobileItem.component.tsx": {"lines":{"total":65,"covered":58,"skipped":0,"pct":89.23},"functions":{"total":2,"covered":1,"skipped":0,"pct":50},"statements":{"total":65,"covered":58,"skipped":0,"pct":89.23},"branches":{"total":12,"covered":8,"skipped":0,"pct":66.66}}
,"/Users/brianboy/Repositories/personal/eleno/app/src/layouts/sidebar/AppSidebar.component.tsx": {"lines":{"total":243,"covered":0,"skipped":0,"pct":0},"functions":{"total":1,"covered":0,"skipped":0,"pct":0},"statements":{"total":243,"covered":0,"skipped":0,"pct":0},"branches":{"total":1,"covered":0,"skipped":0,"pct":0}}
,"/Users/brianboy/Repositories/personal/eleno/app/src/lib/utils.ts": {"lines":{"total":5,"covered":5,"skipped":0,"pct":100},"functions":{"total":1,"covered":1,"skipped":0,"pct":100},"statements":{"total":5,"covered":5,"skipped":0,"pct":100},"branches":{"total":1,"covered":1,"skipped":0,"pct":100}}
,"/Users/brianboy/Repositories/personal/eleno/app/src/pages/Dashboard.tsx": {"lines":{"total":26,"covered":0,"skipped":0,"pct":0},"functions":{"total":1,"covered":0,"skipped":0,"pct":0},"statements":{"total":26,"covered":0,"skipped":0,"pct":0},"branches":{"total":1,"covered":0,"skipped":0,"pct":0}}
,"/Users/brianboy/Repositories/personal/eleno/app/src/pages/Error.tsx": {"lines":{"total":28,"covered":25,"skipped":0,"pct":89.28},"functions":{"total":1,"covered":1,"skipped":0,"pct":100},"statements":{"total":28,"covered":25,"skipped":0,"pct":89.28},"branches":{"total":5,"covered":4,"skipped":0,"pct":80}}
,"/Users/brianboy/Repositories/personal/eleno/app/src/pages/Inbox.page.tsx": {"lines":{"total":11,"covered":0,"skipped":0,"pct":0},"functions":{"total":1,"covered":0,"skipped":0,"pct":0},"statements":{"total":11,"covered":0,"skipped":0,"pct":0},"branches":{"total":1,"covered":0,"skipped":0,"pct":0}}
,"/Users/brianboy/Repositories/personal/eleno/app/src/pages/Lessons.page.tsx": {"lines":{"total":43,"covered":0,"skipped":0,"pct":0},"functions":{"total":1,"covered":0,"skipped":0,"pct":0},"statements":{"total":43,"covered":0,"skipped":0,"pct":0},"branches":{"total":1,"covered":0,"skipped":0,"pct":0}}
,"/Users/brianboy/Repositories/personal/eleno/app/src/pages/LoginPage.tsx": {"lines":{"total":13,"covered":5,"skipped":0,"pct":38.46},"functions":{"total":1,"covered":0,"skipped":0,"pct":0},"statements":{"total":13,"covered":5,"skipped":0,"pct":38.46},"branches":{"total":0,"covered":0,"skipped":0,"pct":100}}
,"/Users/brianboy/Repositories/personal/eleno/app/src/pages/Onboarding.page.tsx": {"lines":{"total":9,"covered":0,"skipped":0,"pct":0},"functions":{"total":1,"covered":0,"skipped":0,"pct":0},"statements":{"total":9,"covered":0,"skipped":0,"pct":0},"branches":{"total":1,"covered":0,"skipped":0,"pct":0}}
,"/Users/brianboy/Repositories/personal/eleno/app/src/pages/Settings.page.tsx": {"lines":{"total":31,"covered":0,"skipped":0,"pct":0},"functions":{"total":1,"covered":0,"skipped":0,"pct":0},"statements":{"total":31,"covered":0,"skipped":0,"pct":0},"branches":{"total":1,"covered":0,"skipped":0,"pct":0}}
,"/Users/brianboy/Repositories/personal/eleno/app/src/pages/Students.tsx": {"lines":{"total":23,"covered":0,"skipped":0,"pct":0},"functions":{"total":1,"covered":0,"skipped":0,"pct":0},"statements":{"total":23,"covered":0,"skipped":0,"pct":0},"branches":{"total":1,"covered":0,"skipped":0,"pct":0}}
,"/Users/brianboy/Repositories/personal/eleno/app/src/pages/Subscription.page.tsx": {"lines":{"total":14,"covered":0,"skipped":0,"pct":0},"functions":{"total":1,"covered":0,"skipped":0,"pct":0},"statements":{"total":14,"covered":0,"skipped":0,"pct":0},"branches":{"total":1,"covered":0,"skipped":0,"pct":0}}
,"/Users/brianboy/Repositories/personal/eleno/app/src/pages/Timetable.page.tsx": {"lines":{"total":130,"covered":0,"skipped":0,"pct":0},"functions":{"total":1,"covered":0,"skipped":0,"pct":0},"statements":{"total":130,"covered":0,"skipped":0,"pct":0},"branches":{"total":1,"covered":0,"skipped":0,"pct":0}}
,"/Users/brianboy/Repositories/personal/eleno/app/src/pages/Todos.page.tsx": {"lines":{"total":15,"covered":0,"skipped":0,"pct":0},"functions":{"total":1,"covered":0,"skipped":0,"pct":0},"statements":{"total":15,"covered":0,"skipped":0,"pct":0},"branches":{"total":1,"covered":0,"skipped":0,"pct":0}}
,"/Users/brianboy/Repositories/personal/eleno/app/src/router/lessonsRouter.tsx": {"lines":{"total":42,"covered":0,"skipped":0,"pct":0},"functions":{"total":1,"covered":0,"skipped":0,"pct":0},"statements":{"total":42,"covered":0,"skipped":0,"pct":0},"branches":{"total":1,"covered":0,"skipped":0,"pct":0}}
,"/Users/brianboy/Repositories/personal/eleno/app/src/router/mainRouter.tsx": {"lines":{"total":122,"covered":0,"skipped":0,"pct":0},"functions":{"total":1,"covered":0,"skipped":0,"pct":0},"statements":{"total":122,"covered":0,"skipped":0,"pct":0},"branches":{"total":1,"covered":0,"skipped":0,"pct":0}}
,"/Users/brianboy/Repositories/personal/eleno/app/src/router/studentsRouter.tsx": {"lines":{"total":26,"covered":0,"skipped":0,"pct":0},"functions":{"total":1,"covered":0,"skipped":0,"pct":0},"statements":{"total":26,"covered":0,"skipped":0,"pct":0},"branches":{"total":1,"covered":0,"skipped":0,"pct":0}}
,"/Users/brianboy/Repositories/personal/eleno/app/src/services/api/feature-flags.api.ts": {"lines":{"total":40,"covered":3,"skipped":0,"pct":7.5},"functions":{"total":2,"covered":0,"skipped":0,"pct":0},"statements":{"total":40,"covered":3,"skipped":0,"pct":7.5},"branches":{"total":0,"covered":0,"skipped":0,"pct":100}}
,"/Users/brianboy/Repositories/personal/eleno/app/src/services/api/fluent-crm.api.ts": {"lines":{"total":53,"covered":0,"skipped":0,"pct":0},"functions":{"total":1,"covered":0,"skipped":0,"pct":0},"statements":{"total":53,"covered":0,"skipped":0,"pct":0},"branches":{"total":1,"covered":0,"skipped":0,"pct":0}}
,"/Users/brianboy/Repositories/personal/eleno/app/src/services/api/groups.api.ts": {"lines":{"total":58,"covered":8,"skipped":0,"pct":13.79},"functions":{"total":7,"covered":0,"skipped":0,"pct":0},"statements":{"total":58,"covered":8,"skipped":0,"pct":13.79},"branches":{"total":0,"covered":0,"skipped":0,"pct":100}}
,"/Users/brianboy/Repositories/personal/eleno/app/src/services/api/lessons.api.ts": {"lines":{"total":185,"covered":11,"skipped":0,"pct":5.94},"functions":{"total":11,"covered":0,"skipped":0,"pct":0},"statements":{"total":185,"covered":11,"skipped":0,"pct":5.94},"branches":{"total":0,"covered":0,"skipped":0,"pct":100}}
,"/Users/brianboy/Repositories/personal/eleno/app/src/services/api/messages.api.ts": {"lines":{"total":23,"covered":0,"skipped":0,"pct":0},"functions":{"total":1,"covered":1,"skipped":0,"pct":100},"statements":{"total":23,"covered":0,"skipped":0,"pct":0},"branches":{"total":1,"covered":1,"skipped":0,"pct":100}}
,"/Users/brianboy/Repositories/personal/eleno/app/src/services/api/notes.api.ts": {"lines":{"total":26,"covered":0,"skipped":0,"pct":0},"functions":{"total":1,"covered":1,"skipped":0,"pct":100},"statements":{"total":26,"covered":0,"skipped":0,"pct":0},"branches":{"total":1,"covered":1,"skipped":0,"pct":100}}
,"/Users/brianboy/Repositories/personal/eleno/app/src/services/api/notifications.api.ts": {"lines":{"total":48,"covered":0,"skipped":0,"pct":0},"functions":{"total":1,"covered":1,"skipped":0,"pct":100},"statements":{"total":48,"covered":0,"skipped":0,"pct":0},"branches":{"total":1,"covered":1,"skipped":0,"pct":100}}
,"/Users/brianboy/Repositories/personal/eleno/app/src/services/api/organisations.api.ts": {"lines":{"total":14,"covered":0,"skipped":0,"pct":0},"functions":{"total":1,"covered":1,"skipped":0,"pct":100},"statements":{"total":14,"covered":0,"skipped":0,"pct":0},"branches":{"total":1,"covered":1,"skipped":0,"pct":100}}
,"/Users/brianboy/Repositories/personal/eleno/app/src/services/api/repertoire.api.ts": {"lines":{"total":72,"covered":0,"skipped":0,"pct":0},"functions":{"total":1,"covered":1,"skipped":0,"pct":100},"statements":{"total":72,"covered":0,"skipped":0,"pct":0},"branches":{"total":1,"covered":1,"skipped":0,"pct":100}}
,"/Users/brianboy/Repositories/personal/eleno/app/src/services/api/settings.api.ts": {"lines":{"total":24,"covered":3,"skipped":0,"pct":12.5},"functions":{"total":2,"covered":0,"skipped":0,"pct":0},"statements":{"total":24,"covered":3,"skipped":0,"pct":12.5},"branches":{"total":0,"covered":0,"skipped":0,"pct":100}}
,"/Users/brianboy/Repositories/personal/eleno/app/src/services/api/students.api.ts": {"lines":{"total":78,"covered":9,"skipped":0,"pct":11.53},"functions":{"total":8,"covered":0,"skipped":0,"pct":0},"statements":{"total":78,"covered":9,"skipped":0,"pct":11.53},"branches":{"total":0,"covered":0,"skipped":0,"pct":100}}
,"/Users/brianboy/Repositories/personal/eleno/app/src/services/api/supabase.ts": {"lines":{"total":4,"covered":0,"skipped":0,"pct":0},"functions":{"total":1,"covered":0,"skipped":0,"pct":0},"statements":{"total":4,"covered":0,"skipped":0,"pct":0},"branches":{"total":1,"covered":0,"skipped":0,"pct":0}}
,"/Users/brianboy/Repositories/personal/eleno/app/src/services/api/todos.api.ts": {"lines":{"total":59,"covered":7,"skipped":0,"pct":11.86},"functions":{"total":6,"covered":0,"skipped":0,"pct":0},"statements":{"total":59,"covered":7,"skipped":0,"pct":11.86},"branches":{"total":0,"covered":0,"skipped":0,"pct":100}}
,"/Users/brianboy/Repositories/personal/eleno/app/src/services/api/user.api.ts": {"lines":{"total":79,"covered":12,"skipped":0,"pct":15.18},"functions":{"total":10,"covered":0,"skipped":0,"pct":0},"statements":{"total":79,"covered":12,"skipped":0,"pct":15.18},"branches":{"total":0,"covered":0,"skipped":0,"pct":100}}
,"/Users/brianboy/Repositories/personal/eleno/app/src/services/context/DarkModeContext.tsx": {"lines":{"total":40,"covered":0,"skipped":0,"pct":0},"functions":{"total":1,"covered":0,"skipped":0,"pct":0},"statements":{"total":40,"covered":0,"skipped":0,"pct":0},"branches":{"total":1,"covered":0,"skipped":0,"pct":0}}
,"/Users/brianboy/Repositories/personal/eleno/app/src/services/context/DataProvider.component.tsx": {"lines":{"total":57,"covered":0,"skipped":0,"pct":0},"functions":{"total":1,"covered":0,"skipped":0,"pct":0},"statements":{"total":57,"covered":0,"skipped":0,"pct":0},"branches":{"total":1,"covered":0,"skipped":0,"pct":0}}
,"/Users/brianboy/Repositories/personal/eleno/app/src/services/context/DraftsContext.tsx": {"lines":{"total":18,"covered":7,"skipped":0,"pct":38.88},"functions":{"total":3,"covered":1,"skipped":0,"pct":33.33},"statements":{"total":18,"covered":7,"skipped":0,"pct":38.88},"branches":{"total":1,"covered":1,"skipped":0,"pct":100}}
,"/Users/brianboy/Repositories/personal/eleno/app/src/services/context/LessonHolderContext.tsx": {"lines":{"total":88,"covered":18,"skipped":0,"pct":20.45},"functions":{"total":4,"covered":1,"skipped":0,"pct":25},"statements":{"total":88,"covered":18,"skipped":0,"pct":20.45},"branches":{"total":1,"covered":1,"skipped":0,"pct":100}}
,"/Users/brianboy/Repositories/personal/eleno/app/src/services/context/LessonPlanningContext.tsx": {"lines":{"total":25,"covered":7,"skipped":0,"pct":28},"functions":{"total":3,"covered":0,"skipped":0,"pct":0},"statements":{"total":25,"covered":7,"skipped":0,"pct":28},"branches":{"total":0,"covered":0,"skipped":0,"pct":100}}
,"/Users/brianboy/Repositories/personal/eleno/app/src/services/context/LoadingContext.tsx": {"lines":{"total":18,"covered":7,"skipped":0,"pct":38.88},"functions":{"total":3,"covered":1,"skipped":0,"pct":33.33},"statements":{"total":18,"covered":7,"skipped":0,"pct":38.88},"branches":{"total":1,"covered":1,"skipped":0,"pct":100}}
,"/Users/brianboy/Repositories/personal/eleno/app/src/services/context/MainContext.tsx": {"lines":{"total":27,"covered":0,"skipped":0,"pct":0},"functions":{"total":1,"covered":0,"skipped":0,"pct":0},"statements":{"total":27,"covered":0,"skipped":0,"pct":0},"branches":{"total":1,"covered":0,"skipped":0,"pct":0}}
,"/Users/brianboy/Repositories/personal/eleno/app/src/services/context/MessagesContext.tsx": {"lines":{"total":45,"covered":0,"skipped":0,"pct":0},"functions":{"total":1,"covered":1,"skipped":0,"pct":100},"statements":{"total":45,"covered":0,"skipped":0,"pct":0},"branches":{"total":1,"covered":1,"skipped":0,"pct":100}}
,"/Users/brianboy/Repositories/personal/eleno/app/src/services/context/SubscriptionContext.tsx": {"lines":{"total":121,"covered":18,"skipped":0,"pct":14.87},"functions":{"total":2,"covered":0,"skipped":0,"pct":0},"statements":{"total":121,"covered":18,"skipped":0,"pct":14.87},"branches":{"total":0,"covered":0,"skipped":0,"pct":100}}
,"/Users/brianboy/Repositories/personal/eleno/app/src/services/context/UserContext.tsx": {"lines":{"total":95,"covered":16,"skipped":0,"pct":16.84},"functions":{"total":5,"covered":1,"skipped":0,"pct":20},"statements":{"total":95,"covered":16,"skipped":0,"pct":16.84},"branches":{"total":1,"covered":1,"skipped":0,"pct":100}}
,"/Users/brianboy/Repositories/personal/eleno/app/src/services/context/UserLocaleContext.tsx": {"lines":{"total":27,"covered":7,"skipped":0,"pct":25.92},"functions":{"total":3,"covered":1,"skipped":0,"pct":33.33},"statements":{"total":27,"covered":7,"skipped":0,"pct":25.92},"branches":{"total":1,"covered":1,"skipped":0,"pct":100}}
,"/Users/brianboy/Repositories/personal/eleno/app/src/types/supabase.ts": {"lines":{"total":42,"covered":0,"skipped":0,"pct":0},"functions":{"total":1,"covered":1,"skipped":0,"pct":100},"statements":{"total":42,"covered":0,"skipped":0,"pct":0},"branches":{"total":1,"covered":1,"skipped":0,"pct":100}}
,"/Users/brianboy/Repositories/personal/eleno/app/src/types/types.ts": {"lines":{"total":0,"covered":0,"skipped":0,"pct":0},"functions":{"total":1,"covered":1,"skipped":0,"pct":0},"statements":{"total":0,"covered":0,"skipped":0,"pct":0},"branches":{"total":1,"covered":1,"skipped":0,"pct":0}}
,"/Users/brianboy/Repositories/personal/eleno/app/src/utils/buildAllLessonsQuery.ts": {"lines":{"total":13,"covered":0,"skipped":0,"pct":0},"functions":{"total":1,"covered":1,"skipped":0,"pct":100},"statements":{"total":13,"covered":0,"skipped":0,"pct":0},"branches":{"total":1,"covered":1,"skipped":0,"pct":100}}
,"/Users/brianboy/Repositories/personal/eleno/app/src/utils/calcNearestHolderIndex.ts": {"lines":{"total":135,"covered":3,"skipped":0,"pct":2.22},"functions":{"total":1,"covered":0,"skipped":0,"pct":0},"statements":{"total":135,"covered":3,"skipped":0,"pct":2.22},"branches":{"total":0,"covered":0,"skipped":0,"pct":100}}
,"/Users/brianboy/Repositories/personal/eleno/app/src/utils/deviceDetection.ts": {"lines":{"total":6,"covered":0,"skipped":0,"pct":0},"functions":{"total":1,"covered":0,"skipped":0,"pct":0},"statements":{"total":6,"covered":0,"skipped":0,"pct":0},"branches":{"total":1,"covered":0,"skipped":0,"pct":0}}
,"/Users/brianboy/Repositories/personal/eleno/app/src/utils/formatDate.ts": {"lines":{"total":11,"covered":0,"skipped":0,"pct":0},"functions":{"total":1,"covered":0,"skipped":0,"pct":0},"statements":{"total":11,"covered":0,"skipped":0,"pct":0},"branches":{"total":1,"covered":0,"skipped":0,"pct":0}}
,"/Users/brianboy/Repositories/personal/eleno/app/src/utils/getInitials.ts": {"lines":{"total":9,"covered":0,"skipped":0,"pct":0},"functions":{"total":1,"covered":0,"skipped":0,"pct":0},"statements":{"total":9,"covered":0,"skipped":0,"pct":0},"branches":{"total":1,"covered":0,"skipped":0,"pct":0}}
,"/Users/brianboy/Repositories/personal/eleno/app/src/utils/getLocale.ts": {"lines":{"total":8,"covered":0,"skipped":0,"pct":0},"functions":{"total":1,"covered":0,"skipped":0,"pct":0},"statements":{"total":8,"covered":0,"skipped":0,"pct":0},"branches":{"total":1,"covered":0,"skipped":0,"pct":0}}
,"/Users/brianboy/Repositories/personal/eleno/app/src/utils/getNewestLessonYear.ts": {"lines":{"total":16,"covered":0,"skipped":0,"pct":0},"functions":{"total":1,"covered":1,"skipped":0,"pct":100},"statements":{"total":16,"covered":0,"skipped":0,"pct":0},"branches":{"total":1,"covered":1,"skipped":0,"pct":100}}
,"/Users/brianboy/Repositories/personal/eleno/app/src/utils/getSubscriptionState.ts": {"lines":{"total":49,"covered":1,"skipped":0,"pct":2.04},"functions":{"total":1,"covered":0,"skipped":0,"pct":0},"statements":{"total":49,"covered":1,"skipped":0,"pct":2.04},"branches":{"total":0,"covered":0,"skipped":0,"pct":100}}
,"/Users/brianboy/Repositories/personal/eleno/app/src/utils/sanitizeHTML.ts": {"lines":{"total":50,"covered":21,"skipped":0,"pct":42},"functions":{"total":4,"covered":1,"skipped":0,"pct":25},"statements":{"total":50,"covered":21,"skipped":0,"pct":42},"branches":{"total":13,"covered":5,"skipped":0,"pct":38.46}}
,"/Users/brianboy/Repositories/personal/eleno/app/src/utils/sortDayOfLesson.ts": {"lines":{"total":44,"covered":0,"skipped":0,"pct":0},"functions":{"total":1,"covered":1,"skipped":0,"pct":100},"statements":{"total":44,"covered":0,"skipped":0,"pct":0},"branches":{"total":1,"covered":1,"skipped":0,"pct":100}}
,"/Users/brianboy/Repositories/personal/eleno/app/src/utils/sortLessonHolders.ts": {"lines":{"total":85,"covered":4,"skipped":0,"pct":4.7},"functions":{"total":4,"covered":0,"skipped":0,"pct":0},"statements":{"total":85,"covered":4,"skipped":0,"pct":4.7},"branches":{"total":0,"covered":0,"skipped":0,"pct":100}}
,"/Users/brianboy/Repositories/personal/eleno/app/src/utils/sortTimetableDays.ts": {"lines":{"total":33,"covered":0,"skipped":0,"pct":0},"functions":{"total":1,"covered":1,"skipped":0,"pct":100},"statements":{"total":33,"covered":0,"skipped":0,"pct":0},"branches":{"total":1,"covered":1,"skipped":0,"pct":100}}
,"/Users/brianboy/Repositories/personal/eleno/app/src/utils/sortTodos.ts": {"lines":{"total":9,"covered":0,"skipped":0,"pct":0},"functions":{"total":1,"covered":1,"skipped":0,"pct":100},"statements":{"total":9,"covered":0,"skipped":0,"pct":0},"branches":{"total":1,"covered":1,"skipped":0,"pct":100}}
,"/Users/brianboy/Repositories/personal/eleno/app/src/utils/stripHtmlTags.ts": {"lines":{"total":30,"covered":0,"skipped":0,"pct":0},"functions":{"total":1,"covered":0,"skipped":0,"pct":0},"statements":{"total":30,"covered":0,"skipped":0,"pct":0},"branches":{"total":1,"covered":0,"skipped":0,"pct":0}}
,"/Users/brianboy/Repositories/personal/eleno/app/src/utils/updateOrderNotes.ts": {"lines":{"total":8,"covered":0,"skipped":0,"pct":0},"functions":{"total":1,"covered":1,"skipped":0,"pct":100},"statements":{"total":8,"covered":0,"skipped":0,"pct":0},"branches":{"total":1,"covered":1,"skipped":0,"pct":100}}
,"/Users/brianboy/Repositories/personal/eleno/app/src/utils/validateEmail.ts": {"lines":{"total":6,"covered":0,"skipped":0,"pct":0},"functions":{"total":1,"covered":0,"skipped":0,"pct":0},"statements":{"total":6,"covered":0,"skipped":0,"pct":0},"branches":{"total":1,"covered":0,"skipped":0,"pct":0}}
}
